2024-02-27 15:20:44,180 - Error getting GPU usage: No data
[in /fedstellar/fedstellar/../fedstellar/node.py:726]
2024-02-27 15:20:54,214 - Error getting GPU usage: Unknown Error
[in /fedstellar/fedstellar/../fedstellar/node.py:726]
2024-02-27 15:21:04,265 - Error getting GPU usage: Unknown Error
[in /fedstellar/fedstellar/../fedstellar/node.py:726]
2024-02-27 15:21:14,279 - Error getting GPU usage: Unknown Error
[in /fedstellar/fedstellar/../fedstellar/node.py:726]
2024-02-27 15:21:24,298 - Error getting GPU usage: Unknown Error
[in /fedstellar/fedstellar/../fedstellar/node.py:726]
2024-02-27 15:21:34,333 - Error getting GPU usage: Unknown Error
[in /fedstellar/fedstellar/../fedstellar/node.py:726]
2024-02-27 15:21:44,355 - Error getting GPU usage: Not Supported
[in /fedstellar/fedstellar/../fedstellar/node.py:726]
2024-02-27 15:21:54,395 - Error getting GPU usage: Not Supported
[in /fedstellar/fedstellar/../fedstellar/node.py:726]
2024-02-27 15:22:04,442 - Error getting GPU usage: Not Supported
[in /fedstellar/fedstellar/../fedstellar/node.py:726]
2024-02-27 15:22:14,464 - Error getting GPU usage: Not Supported
[in /fedstellar/fedstellar/../fedstellar/node.py:726]
2024-02-27 15:22:24,492 - Error getting GPU usage: Not Supported
[in /fedstellar/fedstellar/../fedstellar/node.py:726]
2024-02-27 15:22:34,544 - Error getting GPU usage: Not Supported
[in /fedstellar/fedstellar/../fedstellar/node.py:726]
2024-02-27 15:22:44,568 - Error getting GPU usage: Not Supported
[in /fedstellar/fedstellar/../fedstellar/node.py:726]
2024-02-27 15:22:54,589 - Error getting GPU usage: Not Supported
[in /fedstellar/fedstellar/../fedstellar/node.py:726]
2024-02-27 15:23:04,626 - Error getting GPU usage: Not Supported
[in /fedstellar/fedstellar/../fedstellar/node.py:726]
2024-02-27 15:23:14,651 - Error getting GPU usage: Not Supported
[in /fedstellar/fedstellar/../fedstellar/node.py:726]
2024-02-27 15:23:24,674 - Error getting GPU usage: Not Supported
[in /fedstellar/fedstellar/../fedstellar/node.py:726]
2024-02-27 15:23:34,712 - Error getting GPU usage: Not Supported
[in /fedstellar/fedstellar/../fedstellar/node.py:726]
2024-02-27 15:23:37,027 - (192.168.50.4:45000) Models ready in a late round. Ignored. 0 != 2 / 1
[in /fedstellar/fedstellar/../fedstellar/node.py:427]
2024-02-27 15:23:39,772 - (192.168.50.4:45000) Models ready in a late round. Ignored. 0 != 2 / 1
[in /fedstellar/fedstellar/../fedstellar/node.py:427]
2024-02-27 15:23:39,965 - (192.168.50.4:45000) Models ready in a late round. Ignored. 0 != 2 / 1
[in /fedstellar/fedstellar/../fedstellar/node.py:427]
2024-02-27 15:23:44,739 - Error getting GPU usage: Not Supported
[in /fedstellar/fedstellar/../fedstellar/node.py:726]
2024-02-27 15:23:54,762 - Error getting GPU usage: Not Supported
[in /fedstellar/fedstellar/../fedstellar/node.py:726]
2024-02-27 15:24:04,808 - Error getting GPU usage: Not Supported
[in /fedstellar/fedstellar/../fedstellar/node.py:726]
2024-02-27 15:24:14,829 - Error getting GPU usage: Not Supported
[in /fedstellar/fedstellar/../fedstellar/node.py:726]
2024-02-27 15:24:24,853 - Error getting GPU usage: Not Supported
[in /fedstellar/fedstellar/../fedstellar/node.py:726]
2024-02-27 15:24:31,570 - (192.168.50.4:45000) Models ready in a late round. Ignored. 0 != 3 / 2
[in /fedstellar/fedstellar/../fedstellar/node.py:427]
2024-02-27 15:24:33,961 - (192.168.50.4:45000) Models ready in a late round. Ignored. 0 != 3 / 2
[in /fedstellar/fedstellar/../fedstellar/node.py:427]
2024-02-27 15:24:34,456 - (192.168.50.4:45000) Models ready in a late round. Ignored. 0 != 3 / 2
[in /fedstellar/fedstellar/../fedstellar/node.py:427]
2024-02-27 15:24:34,891 - Error getting GPU usage: Not Supported
[in /fedstellar/fedstellar/../fedstellar/node.py:726]
2024-02-27 15:24:44,918 - Error getting GPU usage: Not Supported
[in /fedstellar/fedstellar/../fedstellar/node.py:726]
2024-02-27 15:24:54,958 - Error getting GPU usage: Not Supported
[in /fedstellar/fedstellar/../fedstellar/node.py:726]
2024-02-27 15:25:04,999 - Error getting GPU usage: Not Supported
[in /fedstellar/fedstellar/../fedstellar/node.py:726]
2024-02-27 15:25:15,039 - Error getting GPU usage: Not Supported
[in /fedstellar/fedstellar/../fedstellar/node.py:726]
2024-02-27 15:25:25,061 - Error getting GPU usage: Not Supported
[in /fedstellar/fedstellar/../fedstellar/node.py:726]
2024-02-27 15:25:25,346 - (192.168.50.4:45000) Models ready in a late round. Ignored. 0 != 4 / 3
[in /fedstellar/fedstellar/../fedstellar/node.py:427]
2024-02-27 15:25:27,593 - (192.168.50.4:45000) Models ready in a late round. Ignored. 0 != 4 / 3
[in /fedstellar/fedstellar/../fedstellar/node.py:427]
2024-02-27 15:25:27,866 - (192.168.50.4:45000) Models ready in a late round. Ignored. 0 != 4 / 3
[in /fedstellar/fedstellar/../fedstellar/node.py:427]
2024-02-27 15:25:35,090 - Error getting GPU usage: Not Supported
[in /fedstellar/fedstellar/../fedstellar/node.py:726]
2024-02-27 15:25:45,117 - Error getting GPU usage: Not Supported
[in /fedstellar/fedstellar/../fedstellar/node.py:726]
2024-02-27 15:25:55,186 - Error getting GPU usage: Not Supported
[in /fedstellar/fedstellar/../fedstellar/node.py:726]
2024-02-27 15:26:05,220 - Error getting GPU usage: Not Supported
[in /fedstellar/fedstellar/../fedstellar/node.py:726]
2024-02-27 15:26:15,259 - Error getting GPU usage: Not Supported
[in /fedstellar/fedstellar/../fedstellar/node.py:726]
2024-02-27 15:26:25,304 - Error getting GPU usage: Not Supported
[in /fedstellar/fedstellar/../fedstellar/node.py:726]
2024-02-27 15:26:35,381 - Error getting GPU usage: Not Supported
[in /fedstellar/fedstellar/../fedstellar/node.py:726]
2024-02-27 15:26:45,412 - Error getting GPU usage: Not Supported
[in /fedstellar/fedstellar/../fedstellar/node.py:726]
2024-02-27 15:26:46,719 - (192.168.50.4:45000) Models ready in a late round. Ignored. 0 != 5 / 4
[in /fedstellar/fedstellar/../fedstellar/node.py:427]
2024-02-27 15:26:47,032 - (192.168.50.4:45000) Models ready in a late round. Ignored. 0 != 5 / 4
[in /fedstellar/fedstellar/../fedstellar/node.py:427]
2024-02-27 15:26:49,573 - (192.168.50.4:45000) Models ready in a late round. Ignored. 0 != 5 / 4
[in /fedstellar/fedstellar/../fedstellar/node.py:427]
2024-02-27 15:26:55,441 - Error getting GPU usage: Not Supported
[in /fedstellar/fedstellar/../fedstellar/node.py:726]
2024-02-27 15:27:05,473 - Error getting GPU usage: Not Supported
[in /fedstellar/fedstellar/../fedstellar/node.py:726]
2024-02-27 15:27:15,505 - Error getting GPU usage: Not Supported
[in /fedstellar/fedstellar/../fedstellar/node.py:726]
2024-02-27 15:27:25,542 - Error getting GPU usage: Not Supported
[in /fedstellar/fedstellar/../fedstellar/node.py:726]
2024-02-27 15:27:35,576 - Error getting GPU usage: Not Supported
[in /fedstellar/fedstellar/../fedstellar/node.py:726]
2024-02-27 15:27:37,850 - (192.168.50.4:45000) Models ready in a late round. Ignored. 0 != 6 / 5
[in /fedstellar/fedstellar/../fedstellar/node.py:427]
2024-02-27 15:27:39,848 - (192.168.50.4:45000) Models ready in a late round. Ignored. 0 != 6 / 5
[in /fedstellar/fedstellar/../fedstellar/node.py:427]
2024-02-27 15:27:39,859 - (192.168.50.4:45000) Models ready in a late round. Ignored. 0 != 6 / 5
[in /fedstellar/fedstellar/../fedstellar/node.py:427]
2024-02-27 15:27:45,598 - Error getting GPU usage: Not Supported
[in /fedstellar/fedstellar/../fedstellar/node.py:726]
2024-02-27 15:27:55,637 - Error getting GPU usage: Not Supported
[in /fedstellar/fedstellar/../fedstellar/node.py:726]
2024-02-27 15:28:05,669 - Error getting GPU usage: Not Supported
[in /fedstellar/fedstellar/../fedstellar/node.py:726]
2024-02-27 15:28:15,710 - Error getting GPU usage: Not Supported
[in /fedstellar/fedstellar/../fedstellar/node.py:726]
2024-02-27 15:28:25,743 - Error getting GPU usage: Not Supported
[in /fedstellar/fedstellar/../fedstellar/node.py:726]
2024-02-27 15:28:28,845 - (192.168.50.4:45000) Models ready in a late round. Ignored. 0 != 7 / 6
[in /fedstellar/fedstellar/../fedstellar/node.py:427]
2024-02-27 15:28:28,995 - (192.168.50.4:45000) Models ready in a late round. Ignored. 0 != 7 / 6
[in /fedstellar/fedstellar/../fedstellar/node.py:427]
2024-02-27 15:28:31,759 - (192.168.50.4:45000) Models ready in a late round. Ignored. 0 != 7 / 6
[in /fedstellar/fedstellar/../fedstellar/node.py:427]
2024-02-27 15:28:35,775 - Error getting GPU usage: Not Supported
[in /fedstellar/fedstellar/../fedstellar/node.py:726]
2024-02-27 15:28:45,811 - Error getting GPU usage: Not Supported
[in /fedstellar/fedstellar/../fedstellar/node.py:726]
2024-02-27 15:28:55,848 - Error getting GPU usage: Not Supported
[in /fedstellar/fedstellar/../fedstellar/node.py:726]
2024-02-27 15:29:05,890 - Error getting GPU usage: Not Supported
[in /fedstellar/fedstellar/../fedstellar/node.py:726]
2024-02-27 15:29:15,932 - Error getting GPU usage: Not Supported
[in /fedstellar/fedstellar/../fedstellar/node.py:726]
2024-02-27 15:29:23,740 - (192.168.50.4:45000) Models ready in a late round. Ignored. 0 != 8 / 7
[in /fedstellar/fedstellar/../fedstellar/node.py:427]
2024-02-27 15:29:25,965 - Error getting GPU usage: Not Supported
[in /fedstellar/fedstellar/../fedstellar/node.py:726]
2024-02-27 15:29:26,620 - (192.168.50.4:45000) Models ready in a late round. Ignored. 0 != 8 / 7
[in /fedstellar/fedstellar/../fedstellar/node.py:427]
2024-02-27 15:29:26,684 - (192.168.50.4:45000) Models ready in a late round. Ignored. 0 != 8 / 7
[in /fedstellar/fedstellar/../fedstellar/node.py:427]
2024-02-27 15:29:36,002 - Error getting GPU usage: Not Supported
[in /fedstellar/fedstellar/../fedstellar/node.py:726]
2024-02-27 15:29:46,056 - Error getting GPU usage: Not Supported
[in /fedstellar/fedstellar/../fedstellar/node.py:726]
2024-02-27 15:29:56,089 - Error getting GPU usage: Not Supported
[in /fedstellar/fedstellar/../fedstellar/node.py:726]
2024-02-27 15:30:06,128 - Error getting GPU usage: Not Supported
[in /fedstellar/fedstellar/../fedstellar/node.py:726]
2024-02-27 15:30:16,966 - Error getting GPU usage: Not Supported
[in /fedstellar/fedstellar/../fedstellar/node.py:726]
2024-02-27 15:30:27,027 - Error getting GPU usage: Not Supported
[in /fedstellar/fedstellar/../fedstellar/node.py:726]
2024-02-27 15:30:30,992 - (192.168.50.4:45000) Models ready in a late round. Ignored. 0 != 9 / 8
[in /fedstellar/fedstellar/../fedstellar/node.py:427]
2024-02-27 15:30:31,954 - (192.168.50.4:45000) Models ready in a late round. Ignored. 0 != 9 / 8
[in /fedstellar/fedstellar/../fedstellar/node.py:427]
2024-02-27 15:30:32,240 - (192.168.50.4:45000) Models ready in a late round. Ignored. 0 != 9 / 8
[in /fedstellar/fedstellar/../fedstellar/node.py:427]
2024-02-27 15:30:37,058 - Error getting GPU usage: Not Supported
[in /fedstellar/fedstellar/../fedstellar/node.py:726]
2024-02-27 15:30:47,121 - Error getting GPU usage: Not Supported
[in /fedstellar/fedstellar/../fedstellar/node.py:726]
2024-02-27 15:30:57,157 - Error getting GPU usage: Not Supported
[in /fedstellar/fedstellar/../fedstellar/node.py:726]
2024-02-27 15:31:07,184 - Error getting GPU usage: Not Supported
[in /fedstellar/fedstellar/../fedstellar/node.py:726]
2024-02-27 15:31:17,220 - Error getting GPU usage: Not Supported
[in /fedstellar/fedstellar/../fedstellar/node.py:726]
2024-02-27 15:31:27,251 - Error getting GPU usage: Not Supported
[in /fedstellar/fedstellar/../fedstellar/node.py:726]
2024-02-27 15:31:37,271 - Error getting GPU usage: Not Supported
[in /fedstellar/fedstellar/../fedstellar/node.py:726]
2024-02-27 15:31:47,313 - Error getting GPU usage: Not Supported
[in /fedstellar/fedstellar/../fedstellar/node.py:726]
2024-02-27 15:31:57,344 - Error getting GPU usage: Not Supported
[in /fedstellar/fedstellar/../fedstellar/node.py:726]
2024-02-27 15:32:07,373 - Error getting GPU usage: Not Supported
[in /fedstellar/fedstellar/../fedstellar/node.py:726]
2024-02-27 15:32:17,413 - Error getting GPU usage: Not Supported
[in /fedstellar/fedstellar/../fedstellar/node.py:726]
2024-02-27 15:32:27,443 - Error getting GPU usage: Not Supported
[in /fedstellar/fedstellar/../fedstellar/node.py:726]
2024-02-27 15:32:37,474 - Error getting GPU usage: Not Supported
[in /fedstellar/fedstellar/../fedstellar/node.py:726]
2024-02-27 15:32:47,515 - Error getting GPU usage: Not Supported
[in /fedstellar/fedstellar/../fedstellar/node.py:726]
2024-02-27 15:32:57,545 - Error getting GPU usage: Not Supported
[in /fedstellar/fedstellar/../fedstellar/node.py:726]
2024-02-27 15:33:07,574 - Error getting GPU usage: Not Supported
[in /fedstellar/fedstellar/../fedstellar/node.py:726]
2024-02-27 15:33:17,618 - Error getting GPU usage: Not Supported
[in /fedstellar/fedstellar/../fedstellar/node.py:726]
2024-02-27 15:33:27,639 - Error getting GPU usage: Not Supported
[in /fedstellar/fedstellar/../fedstellar/node.py:726]
2024-02-27 15:33:37,669 - Error getting GPU usage: Not Supported
[in /fedstellar/fedstellar/../fedstellar/node.py:726]
2024-02-27 15:33:47,710 - Error getting GPU usage: Not Supported
[in /fedstellar/fedstellar/../fedstellar/node.py:726]
2024-02-27 15:33:57,730 - Error getting GPU usage: Not Supported
[in /fedstellar/fedstellar/../fedstellar/node.py:726]
2024-02-27 15:34:07,761 - Error getting GPU usage: Not Supported
[in /fedstellar/fedstellar/../fedstellar/node.py:726]
2024-02-27 15:34:17,805 - Error getting GPU usage: Not Supported
[in /fedstellar/fedstellar/../fedstellar/node.py:726]
2024-02-27 15:34:27,835 - Error getting GPU usage: Not Supported
[in /fedstellar/fedstellar/../fedstellar/node.py:726]
2024-02-27 15:34:37,863 - Error getting GPU usage: Not Supported
[in /fedstellar/fedstellar/../fedstellar/node.py:726]
2024-02-27 15:34:47,906 - Error getting GPU usage: Not Supported
[in /fedstellar/fedstellar/../fedstellar/node.py:726]
2024-02-27 15:34:57,937 - Error getting GPU usage: Not Supported
[in /fedstellar/fedstellar/../fedstellar/node.py:726]
2024-02-27 15:35:07,968 - Error getting GPU usage: Not Supported
[in /fedstellar/fedstellar/../fedstellar/node.py:726]
2024-02-27 15:35:18,000 - Error getting GPU usage: Not Supported
[in /fedstellar/fedstellar/../fedstellar/node.py:726]
2024-02-27 15:35:28,030 - Error getting GPU usage: Not Supported
[in /fedstellar/fedstellar/../fedstellar/node.py:726]
2024-02-27 15:35:38,062 - Error getting GPU usage: Not Supported
[in /fedstellar/fedstellar/../fedstellar/node.py:726]
2024-02-27 15:35:48,095 - Error getting GPU usage: Not Supported
[in /fedstellar/fedstellar/../fedstellar/node.py:726]
2024-02-27 15:35:58,125 - Error getting GPU usage: Not Supported
[in /fedstellar/fedstellar/../fedstellar/node.py:726]
2024-02-27 15:36:08,154 - Error getting GPU usage: Not Supported
[in /fedstellar/fedstellar/../fedstellar/node.py:726]
2024-02-27 15:36:18,194 - Error getting GPU usage: Not Supported
[in /fedstellar/fedstellar/../fedstellar/node.py:726]
2024-02-27 15:36:28,224 - Error getting GPU usage: Not Supported
[in /fedstellar/fedstellar/../fedstellar/node.py:726]
2024-02-27 15:36:38,256 - Error getting GPU usage: Not Supported
[in /fedstellar/fedstellar/../fedstellar/node.py:726]
2024-02-27 15:36:48,296 - Error getting GPU usage: Not Supported
[in /fedstellar/fedstellar/../fedstellar/node.py:726]
2024-02-27 15:36:58,325 - Error getting GPU usage: Not Supported
[in /fedstellar/fedstellar/../fedstellar/node.py:726]
2024-02-27 15:37:08,354 - Error getting GPU usage: Not Supported
[in /fedstellar/fedstellar/../fedstellar/node.py:726]
2024-02-27 15:37:18,398 - Error getting GPU usage: Not Supported
[in /fedstellar/fedstellar/../fedstellar/node.py:726]
2024-02-27 15:37:28,428 - Error getting GPU usage: Not Supported
[in /fedstellar/fedstellar/../fedstellar/node.py:726]
2024-02-27 15:37:38,448 - Error getting GPU usage: Not Supported
[in /fedstellar/fedstellar/../fedstellar/node.py:726]
2024-02-27 15:37:48,493 - Error getting GPU usage: Not Supported
[in /fedstellar/fedstellar/../fedstellar/node.py:726]
2024-02-27 15:37:58,524 - Error getting GPU usage: Not Supported
[in /fedstellar/fedstellar/../fedstellar/node.py:726]
2024-02-27 15:38:08,545 - Error getting GPU usage: Not Supported
[in /fedstellar/fedstellar/../fedstellar/node.py:726]
2024-02-27 15:38:18,590 - Error getting GPU usage: Not Supported
[in /fedstellar/fedstellar/../fedstellar/node.py:726]
2024-02-27 15:38:28,621 - Error getting GPU usage: Not Supported
[in /fedstellar/fedstellar/../fedstellar/node.py:726]
2024-02-27 15:38:38,652 - Error getting GPU usage: Not Supported
[in /fedstellar/fedstellar/../fedstellar/node.py:726]
2024-02-27 15:38:48,693 - Error getting GPU usage: Not Supported
[in /fedstellar/fedstellar/../fedstellar/node.py:726]
2024-02-27 15:38:58,724 - Error getting GPU usage: Not Supported
[in /fedstellar/fedstellar/../fedstellar/node.py:726]
2024-02-27 15:39:08,754 - Error getting GPU usage: Not Supported
[in /fedstellar/fedstellar/../fedstellar/node.py:726]
2024-02-27 15:39:18,797 - Error getting GPU usage: Not Supported
[in /fedstellar/fedstellar/../fedstellar/node.py:726]
2024-02-27 15:39:28,817 - Error getting GPU usage: Not Supported
[in /fedstellar/fedstellar/../fedstellar/node.py:726]
2024-02-27 15:39:38,849 - Error getting GPU usage: Not Supported
[in /fedstellar/fedstellar/../fedstellar/node.py:726]
2024-02-27 15:39:48,890 - Error getting GPU usage: Not Supported
[in /fedstellar/fedstellar/../fedstellar/node.py:726]
2024-02-27 15:39:58,910 - Error getting GPU usage: Not Supported
[in /fedstellar/fedstellar/../fedstellar/node.py:726]
2024-02-27 15:40:08,940 - Error getting GPU usage: Not Supported
[in /fedstellar/fedstellar/../fedstellar/node.py:726]
2024-02-27 15:40:18,983 - Error getting GPU usage: Not Supported
[in /fedstellar/fedstellar/../fedstellar/node.py:726]
2024-02-27 15:40:29,015 - Error getting GPU usage: Not Supported
[in /fedstellar/fedstellar/../fedstellar/node.py:726]
2024-02-27 15:40:39,045 - Error getting GPU usage: Not Supported
[in /fedstellar/fedstellar/../fedstellar/node.py:726]
2024-02-27 15:40:49,088 - Error getting GPU usage: Not Supported
[in /fedstellar/fedstellar/../fedstellar/node.py:726]
2024-02-27 15:40:59,119 - Error getting GPU usage: Not Supported
[in /fedstellar/fedstellar/../fedstellar/node.py:726]
2024-02-27 15:41:09,149 - Error getting GPU usage: Not Supported
[in /fedstellar/fedstellar/../fedstellar/node.py:726]
2024-02-27 15:41:19,191 - Error getting GPU usage: Not Supported
[in /fedstellar/fedstellar/../fedstellar/node.py:726]
2024-02-27 15:41:29,221 - Error getting GPU usage: Not Supported
[in /fedstellar/fedstellar/../fedstellar/node.py:726]
2024-02-27 15:41:39,252 - Error getting GPU usage: Not Supported
[in /fedstellar/fedstellar/../fedstellar/node.py:726]
2024-02-27 15:41:49,286 - Error getting GPU usage: Not Supported
[in /fedstellar/fedstellar/../fedstellar/node.py:726]
2024-02-27 15:41:59,317 - Error getting GPU usage: Not Supported
[in /fedstellar/fedstellar/../fedstellar/node.py:726]
2024-02-27 15:42:09,348 - Error getting GPU usage: Not Supported
[in /fedstellar/fedstellar/../fedstellar/node.py:726]
2024-02-27 15:42:19,379 - Error getting GPU usage: Not Supported
[in /fedstellar/fedstellar/../fedstellar/node.py:726]
2024-02-27 15:42:29,410 - Error getting GPU usage: Not Supported
[in /fedstellar/fedstellar/../fedstellar/node.py:726]
2024-02-27 15:42:39,441 - Error getting GPU usage: Not Supported
[in /fedstellar/fedstellar/../fedstellar/node.py:726]
2024-02-27 15:42:49,484 - Error getting GPU usage: Not Supported
[in /fedstellar/fedstellar/../fedstellar/node.py:726]
2024-02-27 15:42:59,513 - Error getting GPU usage: Not Supported
[in /fedstellar/fedstellar/../fedstellar/node.py:726]
2024-02-27 15:43:09,544 - Error getting GPU usage: Not Supported
[in /fedstellar/fedstellar/../fedstellar/node.py:726]
2024-02-27 15:43:19,585 - Error getting GPU usage: Not Supported
[in /fedstellar/fedstellar/../fedstellar/node.py:726]
2024-02-27 15:43:29,616 - Error getting GPU usage: Not Supported
[in /fedstellar/fedstellar/../fedstellar/node.py:726]
2024-02-27 15:43:39,635 - Error getting GPU usage: Not Supported
[in /fedstellar/fedstellar/../fedstellar/node.py:726]
2024-02-27 15:43:49,676 - Error getting GPU usage: Not Supported
[in /fedstellar/fedstellar/../fedstellar/node.py:726]
2024-02-27 15:43:59,706 - Error getting GPU usage: Not Supported
[in /fedstellar/fedstellar/../fedstellar/node.py:726]
2024-02-27 15:44:09,725 - Error getting GPU usage: Not Supported
[in /fedstellar/fedstellar/../fedstellar/node.py:726]
2024-02-27 15:44:19,767 - Error getting GPU usage: Not Supported
[in /fedstellar/fedstellar/../fedstellar/node.py:726]
2024-02-27 15:44:29,794 - Error getting GPU usage: Not Supported
[in /fedstellar/fedstellar/../fedstellar/node.py:726]
2024-02-27 15:44:39,826 - Error getting GPU usage: Not Supported
[in /fedstellar/fedstellar/../fedstellar/node.py:726]
2024-02-27 15:44:49,870 - Error getting GPU usage: Not Supported
[in /fedstellar/fedstellar/../fedstellar/node.py:726]
2024-02-27 15:44:59,898 - Error getting GPU usage: Not Supported
[in /fedstellar/fedstellar/../fedstellar/node.py:726]
2024-02-27 15:45:09,925 - Error getting GPU usage: Not Supported
[in /fedstellar/fedstellar/../fedstellar/node.py:726]
2024-02-27 15:45:19,981 - Error getting GPU usage: Not Supported
[in /fedstellar/fedstellar/../fedstellar/node.py:726]
2024-02-27 15:45:30,011 - Error getting GPU usage: Not Supported
[in /fedstellar/fedstellar/../fedstellar/node.py:726]
2024-02-27 15:45:40,042 - Error getting GPU usage: Not Supported
[in /fedstellar/fedstellar/../fedstellar/node.py:726]
2024-02-27 15:45:50,081 - Error getting GPU usage: Not Supported
[in /fedstellar/fedstellar/../fedstellar/node.py:726]
2024-02-27 15:46:00,102 - Error getting GPU usage: Not Supported
[in /fedstellar/fedstellar/../fedstellar/node.py:726]
2024-02-27 15:46:10,130 - Error getting GPU usage: Not Supported
[in /fedstellar/fedstellar/../fedstellar/node.py:726]
2024-02-27 15:46:20,172 - Error getting GPU usage: Not Supported
[in /fedstellar/fedstellar/../fedstellar/node.py:726]
2024-02-27 15:46:30,191 - Error getting GPU usage: Not Supported
[in /fedstellar/fedstellar/../fedstellar/node.py:726]
2024-02-27 15:46:40,220 - Error getting GPU usage: Not Supported
[in /fedstellar/fedstellar/../fedstellar/node.py:726]
2024-02-27 15:46:50,262 - Error getting GPU usage: Not Supported
[in /fedstellar/fedstellar/../fedstellar/node.py:726]
2024-02-27 15:47:00,295 - Error getting GPU usage: Not Supported
[in /fedstellar/fedstellar/../fedstellar/node.py:726]
2024-02-27 15:47:10,326 - Error getting GPU usage: Not Supported
[in /fedstellar/fedstellar/../fedstellar/node.py:726]
2024-02-27 15:47:20,369 - Error getting GPU usage: Not Supported
[in /fedstellar/fedstellar/../fedstellar/node.py:726]
2024-02-27 15:47:30,399 - Error getting GPU usage: Not Supported
[in /fedstellar/fedstellar/../fedstellar/node.py:726]
2024-02-27 15:47:40,434 - Error getting GPU usage: Not Supported
[in /fedstellar/fedstellar/../fedstellar/node.py:726]
2024-02-27 15:47:50,463 - Error getting GPU usage: Not Supported
[in /fedstellar/fedstellar/../fedstellar/node.py:726]
2024-02-27 15:48:00,492 - Error getting GPU usage: Not Supported
[in /fedstellar/fedstellar/../fedstellar/node.py:726]
2024-02-27 15:48:10,522 - Error getting GPU usage: Not Supported
[in /fedstellar/fedstellar/../fedstellar/node.py:726]
2024-02-27 15:48:20,550 - Error getting GPU usage: Not Supported
[in /fedstellar/fedstellar/../fedstellar/node.py:726]
2024-02-27 15:48:30,580 - Error getting GPU usage: Not Supported
[in /fedstellar/fedstellar/../fedstellar/node.py:726]
2024-02-27 15:48:40,608 - Error getting GPU usage: Not Supported
[in /fedstellar/fedstellar/../fedstellar/node.py:726]
2024-02-27 15:48:50,650 - Error getting GPU usage: Not Supported
[in /fedstellar/fedstellar/../fedstellar/node.py:726]
2024-02-27 15:49:00,680 - Error getting GPU usage: Not Supported
[in /fedstellar/fedstellar/../fedstellar/node.py:726]
2024-02-27 15:49:10,712 - Error getting GPU usage: Not Supported
[in /fedstellar/fedstellar/../fedstellar/node.py:726]
2024-02-27 15:49:20,751 - Error getting GPU usage: Not Supported
[in /fedstellar/fedstellar/../fedstellar/node.py:726]
2024-02-27 15:49:30,781 - Error getting GPU usage: Not Supported
[in /fedstellar/fedstellar/../fedstellar/node.py:726]
2024-02-27 15:49:40,812 - Error getting GPU usage: Not Supported
[in /fedstellar/fedstellar/../fedstellar/node.py:726]
2024-02-27 15:49:50,853 - Error getting GPU usage: Not Supported
[in /fedstellar/fedstellar/../fedstellar/node.py:726]
2024-02-27 15:50:00,885 - Error getting GPU usage: Not Supported
[in /fedstellar/fedstellar/../fedstellar/node.py:726]
2024-02-27 15:50:10,902 - Error getting GPU usage: Not Supported
[in /fedstellar/fedstellar/../fedstellar/node.py:726]
2024-02-27 15:50:20,944 - Error getting GPU usage: Not Supported
[in /fedstellar/fedstellar/../fedstellar/node.py:726]
2024-02-27 15:50:30,973 - Error getting GPU usage: Not Supported
[in /fedstellar/fedstellar/../fedstellar/node.py:726]
2024-02-27 15:50:40,992 - Error getting GPU usage: Not Supported
[in /fedstellar/fedstellar/../fedstellar/node.py:726]
2024-02-27 15:50:51,032 - Error getting GPU usage: Not Supported
[in /fedstellar/fedstellar/../fedstellar/node.py:726]
2024-02-27 15:51:01,063 - Error getting GPU usage: Not Supported
[in /fedstellar/fedstellar/../fedstellar/node.py:726]
2024-02-27 15:51:11,094 - Error getting GPU usage: Not Supported
[in /fedstellar/fedstellar/../fedstellar/node.py:726]
2024-02-27 15:51:21,136 - Error getting GPU usage: Not Supported
[in /fedstellar/fedstellar/../fedstellar/node.py:726]
2024-02-27 15:51:31,166 - Error getting GPU usage: Not Supported
[in /fedstellar/fedstellar/../fedstellar/node.py:726]
2024-02-27 15:51:41,196 - Error getting GPU usage: Not Supported
[in /fedstellar/fedstellar/../fedstellar/node.py:726]
2024-02-27 15:51:51,238 - Error getting GPU usage: Not Supported
[in /fedstellar/fedstellar/../fedstellar/node.py:726]
2024-02-27 15:52:01,257 - Error getting GPU usage: Not Supported
[in /fedstellar/fedstellar/../fedstellar/node.py:726]
2024-02-27 15:52:11,288 - Error getting GPU usage: Not Supported
[in /fedstellar/fedstellar/../fedstellar/node.py:726]
2024-02-27 15:52:21,323 - Error getting GPU usage: Not Supported
[in /fedstellar/fedstellar/../fedstellar/node.py:726]
2024-02-27 15:52:31,342 - Error getting GPU usage: Not Supported
[in /fedstellar/fedstellar/../fedstellar/node.py:726]
2024-02-27 15:52:41,370 - Error getting GPU usage: Not Supported
[in /fedstellar/fedstellar/../fedstellar/node.py:726]
2024-02-27 15:52:51,412 - Error getting GPU usage: Not Supported
[in /fedstellar/fedstellar/../fedstellar/node.py:726]
2024-02-27 15:53:01,442 - Error getting GPU usage: Not Supported
[in /fedstellar/fedstellar/../fedstellar/node.py:726]
2024-02-27 15:53:11,473 - Error getting GPU usage: Not Supported
[in /fedstellar/fedstellar/../fedstellar/node.py:726]
2024-02-27 15:53:21,516 - Error getting GPU usage: Not Supported
[in /fedstellar/fedstellar/../fedstellar/node.py:726]
2024-02-27 15:53:31,544 - Error getting GPU usage: Not Supported
[in /fedstellar/fedstellar/../fedstellar/node.py:726]
2024-02-27 15:53:41,575 - Error getting GPU usage: Not Supported
[in /fedstellar/fedstellar/../fedstellar/node.py:726]
2024-02-27 15:53:51,615 - Error getting GPU usage: Not Supported
[in /fedstellar/fedstellar/../fedstellar/node.py:726]
2024-02-27 15:54:01,644 - Error getting GPU usage: Not Supported
[in /fedstellar/fedstellar/../fedstellar/node.py:726]
2024-02-27 15:54:11,674 - Error getting GPU usage: Not Supported
[in /fedstellar/fedstellar/../fedstellar/node.py:726]
2024-02-27 15:54:21,702 - Error getting GPU usage: Not Supported
[in /fedstellar/fedstellar/../fedstellar/node.py:726]
2024-02-27 15:54:31,731 - Error getting GPU usage: Not Supported
[in /fedstellar/fedstellar/../fedstellar/node.py:726]
2024-02-27 15:54:41,760 - Error getting GPU usage: Not Supported
[in /fedstellar/fedstellar/../fedstellar/node.py:726]
2024-02-27 15:54:51,794 - Error getting GPU usage: Not Supported
[in /fedstellar/fedstellar/../fedstellar/node.py:726]
2024-02-27 15:55:01,823 - Error getting GPU usage: Not Supported
[in /fedstellar/fedstellar/../fedstellar/node.py:726]
2024-02-27 15:55:11,854 - Error getting GPU usage: Not Supported
[in /fedstellar/fedstellar/../fedstellar/node.py:726]
2024-02-27 15:55:21,897 - Error getting GPU usage: Not Supported
[in /fedstellar/fedstellar/../fedstellar/node.py:726]
2024-02-27 15:55:31,926 - Error getting GPU usage: Not Supported
[in /fedstellar/fedstellar/../fedstellar/node.py:726]
2024-02-27 15:55:41,955 - Error getting GPU usage: Not Supported
[in /fedstellar/fedstellar/../fedstellar/node.py:726]
2024-02-27 15:55:51,996 - Error getting GPU usage: Not Supported
[in /fedstellar/fedstellar/../fedstellar/node.py:726]
2024-02-27 15:56:02,026 - Error getting GPU usage: Not Supported
[in /fedstellar/fedstellar/../fedstellar/node.py:726]
2024-02-27 15:56:12,056 - Error getting GPU usage: Not Supported
[in /fedstellar/fedstellar/../fedstellar/node.py:726]
2024-02-27 15:56:22,099 - Error getting GPU usage: Not Supported
[in /fedstellar/fedstellar/../fedstellar/node.py:726]
2024-02-27 15:56:32,129 - Error getting GPU usage: Not Supported
[in /fedstellar/fedstellar/../fedstellar/node.py:726]
2024-02-27 15:56:42,148 - Error getting GPU usage: Not Supported
[in /fedstellar/fedstellar/../fedstellar/node.py:726]
2024-02-27 15:56:52,190 - Error getting GPU usage: Not Supported
[in /fedstellar/fedstellar/../fedstellar/node.py:726]
2024-02-27 15:57:02,221 - Error getting GPU usage: Not Supported
[in /fedstellar/fedstellar/../fedstellar/node.py:726]
2024-02-27 15:57:12,242 - Error getting GPU usage: Not Supported
[in /fedstellar/fedstellar/../fedstellar/node.py:726]
2024-02-27 15:57:22,284 - Error getting GPU usage: Not Supported
[in /fedstellar/fedstellar/../fedstellar/node.py:726]
2024-02-27 15:57:32,316 - Error getting GPU usage: Not Supported
[in /fedstellar/fedstellar/../fedstellar/node.py:726]
2024-02-27 15:57:42,343 - Error getting GPU usage: Not Supported
[in /fedstellar/fedstellar/../fedstellar/node.py:726]
2024-02-27 15:57:52,388 - Error getting GPU usage: Not Supported
[in /fedstellar/fedstellar/../fedstellar/node.py:726]
2024-02-27 15:58:02,419 - Error getting GPU usage: Not Supported
[in /fedstellar/fedstellar/../fedstellar/node.py:726]
2024-02-27 15:58:12,449 - Error getting GPU usage: Not Supported
[in /fedstellar/fedstellar/../fedstellar/node.py:726]
2024-02-27 15:58:22,491 - Error getting GPU usage: Not Supported
[in /fedstellar/fedstellar/../fedstellar/node.py:726]
2024-02-27 15:58:32,511 - Error getting GPU usage: Not Supported
[in /fedstellar/fedstellar/../fedstellar/node.py:726]
2024-02-27 15:58:42,544 - Error getting GPU usage: Not Supported
[in /fedstellar/fedstellar/../fedstellar/node.py:726]
2024-02-27 15:58:52,587 - Error getting GPU usage: Not Supported
[in /fedstellar/fedstellar/../fedstellar/node.py:726]
2024-02-27 15:59:02,608 - Error getting GPU usage: Not Supported
[in /fedstellar/fedstellar/../fedstellar/node.py:726]
2024-02-27 15:59:12,636 - Error getting GPU usage: Not Supported
[in /fedstellar/fedstellar/../fedstellar/node.py:726]
2024-02-27 15:59:22,679 - Error getting GPU usage: Not Supported
[in /fedstellar/fedstellar/../fedstellar/node.py:726]
2024-02-27 15:59:32,709 - Error getting GPU usage: Not Supported
[in /fedstellar/fedstellar/../fedstellar/node.py:726]
2024-02-27 15:59:42,739 - Error getting GPU usage: Not Supported
[in /fedstellar/fedstellar/../fedstellar/node.py:726]
2024-02-27 15:59:52,781 - Error getting GPU usage: Not Supported
[in /fedstellar/fedstellar/../fedstellar/node.py:726]
2024-02-27 16:00:02,812 - Error getting GPU usage: Not Supported
[in /fedstellar/fedstellar/../fedstellar/node.py:726]
2024-02-27 16:00:12,842 - Error getting GPU usage: Not Supported
[in /fedstellar/fedstellar/../fedstellar/node.py:726]
2024-02-27 16:00:22,880 - Error getting GPU usage: Not Supported
[in /fedstellar/fedstellar/../fedstellar/node.py:726]
2024-02-27 16:00:32,908 - Error getting GPU usage: Not Supported
[in /fedstellar/fedstellar/../fedstellar/node.py:726]
2024-02-27 16:00:42,936 - Error getting GPU usage: Not Supported
[in /fedstellar/fedstellar/../fedstellar/node.py:726]
2024-02-27 16:00:52,968 - Error getting GPU usage: Not Supported
[in /fedstellar/fedstellar/../fedstellar/node.py:726]
2024-02-27 16:01:02,991 - Error getting GPU usage: Not Supported
[in /fedstellar/fedstellar/../fedstellar/node.py:726]
2024-02-27 16:01:13,011 - Error getting GPU usage: Not Supported
[in /fedstellar/fedstellar/../fedstellar/node.py:726]
2024-02-27 16:01:23,042 - Error getting GPU usage: Not Supported
[in /fedstellar/fedstellar/../fedstellar/node.py:726]
2024-02-27 16:01:33,060 - Error getting GPU usage: Not Supported
[in /fedstellar/fedstellar/../fedstellar/node.py:726]
2024-02-27 16:01:43,075 - Error getting GPU usage: Unknown Error
[in /fedstellar/fedstellar/../fedstellar/node.py:726]
2024-02-27 16:01:53,099 - Error getting GPU usage: Unknown Error
[in /fedstellar/fedstellar/../fedstellar/node.py:726]
2024-02-27 16:02:03,113 - Error getting GPU usage: Unknown Error
[in /fedstellar/fedstellar/../fedstellar/node.py:726]
2024-02-27 16:02:13,137 - Error getting GPU usage: Unknown Error
[in /fedstellar/fedstellar/../fedstellar/node.py:726]
2024-02-27 16:02:23,177 - Error getting GPU usage: Unknown Error
[in /fedstellar/fedstellar/../fedstellar/node.py:726]
2024-02-27 16:02:33,202 - Error getting GPU usage: Unknown Error
[in /fedstellar/fedstellar/../fedstellar/node.py:726]
2024-02-27 16:02:43,227 - Error getting GPU usage: Unknown Error
[in /fedstellar/fedstellar/../fedstellar/node.py:726]
2024-02-27 16:02:53,263 - Error getting GPU usage: Unknown Error
[in /fedstellar/fedstellar/../fedstellar/node.py:726]
2024-02-27 16:03:03,287 - Error getting GPU usage: Unknown Error
[in /fedstellar/fedstellar/../fedstellar/node.py:726]
2024-02-27 16:03:13,301 - Error getting GPU usage: Unknown Error
[in /fedstellar/fedstellar/../fedstellar/node.py:726]
2024-02-27 16:03:23,336 - Error getting GPU usage: Unknown Error
[in /fedstellar/fedstellar/../fedstellar/node.py:726]
2024-02-27 16:03:33,360 - Error getting GPU usage: Unknown Error
[in /fedstellar/fedstellar/../fedstellar/node.py:726]
2024-02-27 16:03:43,374 - Error getting GPU usage: Unknown Error
[in /fedstellar/fedstellar/../fedstellar/node.py:726]
2024-02-27 16:03:53,412 - Error getting GPU usage: Unknown Error
[in /fedstellar/fedstellar/../fedstellar/node.py:726]
2024-02-27 16:04:03,437 - Error getting GPU usage: Unknown Error
[in /fedstellar/fedstellar/../fedstellar/node.py:726]
2024-02-27 16:04:13,453 - Error getting GPU usage: Unknown Error
[in /fedstellar/fedstellar/../fedstellar/node.py:726]
2024-02-27 16:04:23,490 - Error getting GPU usage: Unknown Error
[in /fedstellar/fedstellar/../fedstellar/node.py:726]
2024-02-27 16:04:33,515 - Error getting GPU usage: Unknown Error
[in /fedstellar/fedstellar/../fedstellar/node.py:726]
2024-02-27 16:04:43,541 - Error getting GPU usage: Unknown Error
[in /fedstellar/fedstellar/../fedstellar/node.py:726]
2024-02-27 16:04:53,580 - Error getting GPU usage: Unknown Error
[in /fedstellar/fedstellar/../fedstellar/node.py:726]
2024-02-27 16:05:03,606 - Error getting GPU usage: Unknown Error
[in /fedstellar/fedstellar/../fedstellar/node.py:726]
2024-02-27 16:05:13,629 - Error getting GPU usage: Unknown Error
[in /fedstellar/fedstellar/../fedstellar/node.py:726]
2024-02-27 16:05:23,665 - Error getting GPU usage: Unknown Error
[in /fedstellar/fedstellar/../fedstellar/node.py:726]
2024-02-27 16:05:33,680 - Error getting GPU usage: Unknown Error
[in /fedstellar/fedstellar/../fedstellar/node.py:726]
2024-02-27 16:05:43,705 - Error getting GPU usage: Unknown Error
[in /fedstellar/fedstellar/../fedstellar/node.py:726]
2024-02-27 16:05:53,739 - Error getting GPU usage: Unknown Error
[in /fedstellar/fedstellar/../fedstellar/node.py:726]
2024-02-27 16:06:03,754 - Error getting GPU usage: Unknown Error
[in /fedstellar/fedstellar/../fedstellar/node.py:726]
2024-02-27 16:06:13,777 - Error getting GPU usage: Unknown Error
[in /fedstellar/fedstellar/../fedstellar/node.py:726]
2024-02-27 16:06:23,812 - Error getting GPU usage: Unknown Error
[in /fedstellar/fedstellar/../fedstellar/node.py:726]
2024-02-27 16:06:33,825 - Error getting GPU usage: Unknown Error
[in /fedstellar/fedstellar/../fedstellar/node.py:726]
2024-02-27 16:06:43,851 - Error getting GPU usage: Unknown Error
[in /fedstellar/fedstellar/../fedstellar/node.py:726]
2024-02-27 16:06:53,887 - Error getting GPU usage: Unknown Error
[in /fedstellar/fedstellar/../fedstellar/node.py:726]
2024-02-27 16:07:03,911 - Error getting GPU usage: Unknown Error
[in /fedstellar/fedstellar/../fedstellar/node.py:726]
2024-02-27 16:07:13,938 - Error getting GPU usage: Unknown Error
[in /fedstellar/fedstellar/../fedstellar/node.py:726]
2024-02-27 16:07:23,973 - Error getting GPU usage: Unknown Error
[in /fedstellar/fedstellar/../fedstellar/node.py:726]
2024-02-27 16:07:33,995 - Error getting GPU usage: Unknown Error
[in /fedstellar/fedstellar/../fedstellar/node.py:726]
2024-02-27 16:07:44,020 - Error getting GPU usage: Unknown Error
[in /fedstellar/fedstellar/../fedstellar/node.py:726]
2024-02-27 16:07:54,056 - Error getting GPU usage: Unknown Error
[in /fedstellar/fedstellar/../fedstellar/node.py:726]
2024-02-27 16:08:04,079 - Error getting GPU usage: Unknown Error
[in /fedstellar/fedstellar/../fedstellar/node.py:726]
2024-02-27 16:08:14,105 - Error getting GPU usage: Unknown Error
[in /fedstellar/fedstellar/../fedstellar/node.py:726]
2024-02-27 16:08:24,132 - Error getting GPU usage: Unknown Error
[in /fedstellar/fedstellar/../fedstellar/node.py:726]
2024-02-27 16:08:34,155 - Error getting GPU usage: Unknown Error
[in /fedstellar/fedstellar/../fedstellar/node.py:726]
2024-02-27 16:08:44,180 - Error getting GPU usage: Unknown Error
[in /fedstellar/fedstellar/../fedstellar/node.py:726]
2024-02-27 16:08:54,205 - Error getting GPU usage: Unknown Error
[in /fedstellar/fedstellar/../fedstellar/node.py:726]
2024-02-27 16:09:04,228 - Error getting GPU usage: Unknown Error
[in /fedstellar/fedstellar/../fedstellar/node.py:726]
2024-02-27 16:09:14,254 - Error getting GPU usage: Unknown Error
[in /fedstellar/fedstellar/../fedstellar/node.py:726]
2024-02-27 16:09:24,295 - Error getting GPU usage: Unknown Error
[in /fedstellar/fedstellar/../fedstellar/node.py:726]
2024-02-27 16:09:34,321 - Error getting GPU usage: Unknown Error
[in /fedstellar/fedstellar/../fedstellar/node.py:726]
2024-02-27 16:09:44,345 - Error getting GPU usage: Unknown Error
[in /fedstellar/fedstellar/../fedstellar/node.py:726]
2024-02-27 16:09:54,382 - Error getting GPU usage: Unknown Error
[in /fedstellar/fedstellar/../fedstellar/node.py:726]
2024-02-27 16:10:04,406 - Error getting GPU usage: Unknown Error
[in /fedstellar/fedstellar/../fedstellar/node.py:726]
2024-02-27 16:10:14,433 - Error getting GPU usage: Unknown Error
[in /fedstellar/fedstellar/../fedstellar/node.py:726]
2024-02-27 16:10:24,472 - Error getting GPU usage: Unknown Error
[in /fedstellar/fedstellar/../fedstellar/node.py:726]
2024-02-27 16:10:34,496 - Error getting GPU usage: Unknown Error
[in /fedstellar/fedstellar/../fedstellar/node.py:726]
2024-02-27 16:10:44,512 - Error getting GPU usage: Unknown Error
[in /fedstellar/fedstellar/../fedstellar/node.py:726]
2024-02-27 16:10:54,550 - Error getting GPU usage: Unknown Error
[in /fedstellar/fedstellar/../fedstellar/node.py:726]
2024-02-27 16:11:04,576 - Error getting GPU usage: Unknown Error
[in /fedstellar/fedstellar/../fedstellar/node.py:726]
2024-02-27 16:11:14,603 - Error getting GPU usage: Unknown Error
[in /fedstellar/fedstellar/../fedstellar/node.py:726]
2024-02-27 16:11:24,650 - Error getting GPU usage: Unknown Error
[in /fedstellar/fedstellar/../fedstellar/node.py:726]
2024-02-27 16:11:34,680 - Error getting GPU usage: Unknown Error
[in /fedstellar/fedstellar/../fedstellar/node.py:726]
2024-02-27 16:11:44,706 - Error getting GPU usage: Unknown Error
[in /fedstellar/fedstellar/../fedstellar/node.py:726]
2024-02-27 16:11:54,744 - Error getting GPU usage: Unknown Error
[in /fedstellar/fedstellar/../fedstellar/node.py:726]
2024-02-27 16:12:04,769 - Error getting GPU usage: Unknown Error
[in /fedstellar/fedstellar/../fedstellar/node.py:726]
2024-02-27 16:12:14,795 - Error getting GPU usage: Unknown Error
[in /fedstellar/fedstellar/../fedstellar/node.py:726]
2024-02-27 16:12:24,835 - Error getting GPU usage: Unknown Error
[in /fedstellar/fedstellar/../fedstellar/node.py:726]
2024-02-27 16:12:34,860 - Error getting GPU usage: Unknown Error
[in /fedstellar/fedstellar/../fedstellar/node.py:726]
2024-02-27 16:12:44,889 - Error getting GPU usage: Unknown Error
[in /fedstellar/fedstellar/../fedstellar/node.py:726]
2024-02-27 16:12:54,926 - Error getting GPU usage: Unknown Error
[in /fedstellar/fedstellar/../fedstellar/node.py:726]
2024-02-27 16:13:04,942 - Error getting GPU usage: Unknown Error
[in /fedstellar/fedstellar/../fedstellar/node.py:726]
2024-02-27 16:13:14,967 - Error getting GPU usage: Unknown Error
[in /fedstellar/fedstellar/../fedstellar/node.py:726]
2024-02-27 16:13:25,004 - Error getting GPU usage: Unknown Error
[in /fedstellar/fedstellar/../fedstellar/node.py:726]
2024-02-27 16:13:35,020 - Error getting GPU usage: Unknown Error
[in /fedstellar/fedstellar/../fedstellar/node.py:726]
2024-02-27 16:13:45,045 - Error getting GPU usage: Unknown Error
[in /fedstellar/fedstellar/../fedstellar/node.py:726]
2024-02-27 16:13:55,085 - Error getting GPU usage: Unknown Error
[in /fedstellar/fedstellar/../fedstellar/node.py:726]
2024-02-27 16:14:05,111 - Error getting GPU usage: Unknown Error
[in /fedstellar/fedstellar/../fedstellar/node.py:726]
2024-02-27 16:14:15,136 - Error getting GPU usage: Unknown Error
[in /fedstellar/fedstellar/../fedstellar/node.py:726]
2024-02-27 16:14:25,174 - Error getting GPU usage: Unknown Error
[in /fedstellar/fedstellar/../fedstellar/node.py:726]
2024-02-27 16:14:35,200 - Error getting GPU usage: Unknown Error
[in /fedstellar/fedstellar/../fedstellar/node.py:726]
2024-02-27 16:14:45,226 - Error getting GPU usage: Unknown Error
[in /fedstellar/fedstellar/../fedstellar/node.py:726]
2024-02-27 16:14:55,263 - Error getting GPU usage: Unknown Error
[in /fedstellar/fedstellar/../fedstellar/node.py:726]
2024-02-27 16:15:05,280 - Error getting GPU usage: Unknown Error
[in /fedstellar/fedstellar/../fedstellar/node.py:726]
2024-02-27 16:15:15,295 - Error getting GPU usage: Unknown Error
[in /fedstellar/fedstellar/../fedstellar/node.py:726]
2024-02-27 16:15:25,321 - Error getting GPU usage: Unknown Error
[in /fedstellar/fedstellar/../fedstellar/node.py:726]
2024-02-27 16:15:35,335 - Error getting GPU usage: Unknown Error
[in /fedstellar/fedstellar/../fedstellar/node.py:726]
2024-02-27 16:15:45,362 - Error getting GPU usage: Unknown Error
[in /fedstellar/fedstellar/../fedstellar/node.py:726]
2024-02-27 16:15:55,390 - Error getting GPU usage: Unknown Error
[in /fedstellar/fedstellar/../fedstellar/node.py:726]
2024-02-27 16:16:05,416 - Error getting GPU usage: Unknown Error
[in /fedstellar/fedstellar/../fedstellar/node.py:726]
2024-02-27 16:16:15,439 - Error getting GPU usage: Unknown Error
[in /fedstellar/fedstellar/../fedstellar/node.py:726]
2024-02-27 16:16:25,467 - Error getting GPU usage: Unknown Error
[in /fedstellar/fedstellar/../fedstellar/node.py:726]
2024-02-27 16:16:35,489 - Error getting GPU usage: Unknown Error
[in /fedstellar/fedstellar/../fedstellar/node.py:726]
2024-02-27 16:16:45,515 - Error getting GPU usage: Unknown Error
[in /fedstellar/fedstellar/../fedstellar/node.py:726]
2024-02-27 16:16:55,560 - Error getting GPU usage: Unknown Error
[in /fedstellar/fedstellar/../fedstellar/node.py:726]
2024-02-27 16:17:05,582 - Error getting GPU usage: Unknown Error
[in /fedstellar/fedstellar/../fedstellar/node.py:726]
2024-02-27 16:17:15,609 - Error getting GPU usage: Unknown Error
[in /fedstellar/fedstellar/../fedstellar/node.py:726]
2024-02-27 16:17:25,645 - Error getting GPU usage: Unknown Error
[in /fedstellar/fedstellar/../fedstellar/node.py:726]
2024-02-27 16:17:35,674 - Error getting GPU usage: Unknown Error
[in /fedstellar/fedstellar/../fedstellar/node.py:726]
2024-02-27 16:17:45,689 - Error getting GPU usage: Unknown Error
[in /fedstellar/fedstellar/../fedstellar/node.py:726]
2024-02-27 16:17:55,729 - Error getting GPU usage: Unknown Error
[in /fedstellar/fedstellar/../fedstellar/node.py:726]
2024-02-27 16:18:05,755 - Error getting GPU usage: Unknown Error
[in /fedstellar/fedstellar/../fedstellar/node.py:726]
2024-02-27 16:18:15,771 - Error getting GPU usage: Unknown Error
[in /fedstellar/fedstellar/../fedstellar/node.py:726]
2024-02-27 16:18:25,807 - Error getting GPU usage: Unknown Error
[in /fedstellar/fedstellar/../fedstellar/node.py:726]
2024-02-27 16:18:35,833 - Error getting GPU usage: Unknown Error
[in /fedstellar/fedstellar/../fedstellar/node.py:726]
2024-02-27 16:18:45,847 - Error getting GPU usage: Unknown Error
[in /fedstellar/fedstellar/../fedstellar/node.py:726]
2024-02-27 16:18:55,894 - Error getting GPU usage: Unknown Error
[in /fedstellar/fedstellar/../fedstellar/node.py:726]
2024-02-27 16:19:05,919 - Error getting GPU usage: Unknown Error
[in /fedstellar/fedstellar/../fedstellar/node.py:726]
2024-02-27 16:19:15,944 - Error getting GPU usage: Unknown Error
[in /fedstellar/fedstellar/../fedstellar/node.py:726]
2024-02-27 16:19:25,980 - Error getting GPU usage: Unknown Error
[in /fedstellar/fedstellar/../fedstellar/node.py:726]
2024-02-27 16:19:36,006 - Error getting GPU usage: Unknown Error
[in /fedstellar/fedstellar/../fedstellar/node.py:726]
2024-02-27 16:19:46,031 - Error getting GPU usage: Unknown Error
[in /fedstellar/fedstellar/../fedstellar/node.py:726]
2024-02-27 16:19:56,074 - Error getting GPU usage: Unknown Error
[in /fedstellar/fedstellar/../fedstellar/node.py:726]
2024-02-27 16:20:06,088 - Error getting GPU usage: Unknown Error
[in /fedstellar/fedstellar/../fedstellar/node.py:726]
2024-02-27 16:20:16,114 - Error getting GPU usage: Unknown Error
[in /fedstellar/fedstellar/../fedstellar/node.py:726]
2024-02-27 16:20:26,149 - Error getting GPU usage: Unknown Error
[in /fedstellar/fedstellar/../fedstellar/node.py:726]
2024-02-27 16:20:36,164 - Error getting GPU usage: Unknown Error
[in /fedstellar/fedstellar/../fedstellar/node.py:726]
2024-02-27 16:20:46,189 - Error getting GPU usage: Unknown Error
[in /fedstellar/fedstellar/../fedstellar/node.py:726]
2024-02-27 16:20:56,235 - Error getting GPU usage: Unknown Error
[in /fedstellar/fedstellar/../fedstellar/node.py:726]
2024-02-27 16:21:06,251 - Error getting GPU usage: Unknown Error
[in /fedstellar/fedstellar/../fedstellar/node.py:726]
2024-02-27 16:21:16,276 - Error getting GPU usage: Unknown Error
[in /fedstellar/fedstellar/../fedstellar/node.py:726]
2024-02-27 16:21:26,311 - Error getting GPU usage: Unknown Error
[in /fedstellar/fedstellar/../fedstellar/node.py:726]
2024-02-27 16:21:36,337 - Error getting GPU usage: Unknown Error
[in /fedstellar/fedstellar/../fedstellar/node.py:726]
2024-02-27 16:21:46,362 - Error getting GPU usage: Unknown Error
[in /fedstellar/fedstellar/../fedstellar/node.py:726]
2024-02-27 16:21:56,400 - Error getting GPU usage: Unknown Error
[in /fedstellar/fedstellar/../fedstellar/node.py:726]
2024-02-27 16:22:06,424 - Error getting GPU usage: Unknown Error
[in /fedstellar/fedstellar/../fedstellar/node.py:726]
2024-02-27 16:22:16,450 - Error getting GPU usage: Unknown Error
[in /fedstellar/fedstellar/../fedstellar/node.py:726]
2024-02-27 16:22:26,487 - Error getting GPU usage: Unknown Error
[in /fedstellar/fedstellar/../fedstellar/node.py:726]
2024-02-27 16:22:36,512 - Error getting GPU usage: Unknown Error
[in /fedstellar/fedstellar/../fedstellar/node.py:726]
2024-02-27 16:22:46,536 - Error getting GPU usage: Unknown Error
[in /fedstellar/fedstellar/../fedstellar/node.py:726]
2024-02-27 16:22:56,561 - Error getting GPU usage: Unknown Error
[in /fedstellar/fedstellar/../fedstellar/node.py:726]
2024-02-27 16:23:06,586 - Error getting GPU usage: Unknown Error
[in /fedstellar/fedstellar/../fedstellar/node.py:726]
2024-02-27 16:23:16,612 - Error getting GPU usage: Unknown Error
[in /fedstellar/fedstellar/../fedstellar/node.py:726]
2024-02-27 16:23:26,639 - Error getting GPU usage: Unknown Error
[in /fedstellar/fedstellar/../fedstellar/node.py:726]
2024-02-27 16:23:36,664 - Error getting GPU usage: Unknown Error
[in /fedstellar/fedstellar/../fedstellar/node.py:726]
2024-02-27 16:23:46,689 - Error getting GPU usage: Unknown Error
[in /fedstellar/fedstellar/../fedstellar/node.py:726]
2024-02-27 16:23:56,726 - Error getting GPU usage: Unknown Error
[in /fedstellar/fedstellar/../fedstellar/node.py:726]
2024-02-27 16:24:06,751 - Error getting GPU usage: Unknown Error
[in /fedstellar/fedstellar/../fedstellar/node.py:726]
2024-02-27 16:24:16,776 - Error getting GPU usage: Unknown Error
[in /fedstellar/fedstellar/../fedstellar/node.py:726]
2024-02-27 16:24:26,813 - Error getting GPU usage: Unknown Error
[in /fedstellar/fedstellar/../fedstellar/node.py:726]
2024-02-27 16:24:36,838 - Error getting GPU usage: Unknown Error
[in /fedstellar/fedstellar/../fedstellar/node.py:726]
2024-02-27 16:24:46,864 - Error getting GPU usage: Unknown Error
[in /fedstellar/fedstellar/../fedstellar/node.py:726]
2024-02-27 16:24:56,901 - Error getting GPU usage: Unknown Error
[in /fedstellar/fedstellar/../fedstellar/node.py:726]
2024-02-27 16:25:06,925 - Error getting GPU usage: Unknown Error
[in /fedstellar/fedstellar/../fedstellar/node.py:726]
2024-02-27 16:25:16,939 - Error getting GPU usage: Unknown Error
[in /fedstellar/fedstellar/../fedstellar/node.py:726]
2024-02-27 16:25:26,978 - Error getting GPU usage: Unknown Error
[in /fedstellar/fedstellar/../fedstellar/node.py:726]
2024-02-27 16:25:37,006 - Error getting GPU usage: Unknown Error
[in /fedstellar/fedstellar/../fedstellar/node.py:726]
2024-02-27 16:25:47,025 - Error getting GPU usage: Unknown Error
[in /fedstellar/fedstellar/../fedstellar/node.py:726]
2024-02-27 16:25:57,062 - Error getting GPU usage: Unknown Error
[in /fedstellar/fedstellar/../fedstellar/node.py:726]
2024-02-27 16:26:07,087 - Error getting GPU usage: Unknown Error
[in /fedstellar/fedstellar/../fedstellar/node.py:726]
2024-02-27 16:26:17,111 - Error getting GPU usage: Unknown Error
[in /fedstellar/fedstellar/../fedstellar/node.py:726]
2024-02-27 16:26:27,148 - Error getting GPU usage: Unknown Error
[in /fedstellar/fedstellar/../fedstellar/node.py:726]
2024-02-27 16:26:37,174 - Error getting GPU usage: Unknown Error
[in /fedstellar/fedstellar/../fedstellar/node.py:726]
2024-02-27 16:26:47,206 - Error getting GPU usage: Unknown Error
[in /fedstellar/fedstellar/../fedstellar/node.py:726]
2024-02-27 16:26:57,243 - Error getting GPU usage: Unknown Error
[in /fedstellar/fedstellar/../fedstellar/node.py:726]
2024-02-27 16:27:07,273 - Error getting GPU usage: Unknown Error
[in /fedstellar/fedstellar/../fedstellar/node.py:726]
2024-02-27 16:27:17,298 - Error getting GPU usage: Unknown Error
[in /fedstellar/fedstellar/../fedstellar/node.py:726]
2024-02-27 16:27:27,337 - Error getting GPU usage: Unknown Error
[in /fedstellar/fedstellar/../fedstellar/node.py:726]
2024-02-27 16:27:37,352 - Error getting GPU usage: Unknown Error
[in /fedstellar/fedstellar/../fedstellar/node.py:726]
2024-02-27 16:27:47,382 - Error getting GPU usage: Not Supported
[in /fedstellar/fedstellar/../fedstellar/node.py:726]
2024-02-27 16:27:57,429 - Error getting GPU usage: Not Supported
[in /fedstellar/fedstellar/../fedstellar/node.py:726]
2024-02-27 16:28:07,448 - Error getting GPU usage: Unknown Error
[in /fedstellar/fedstellar/../fedstellar/node.py:726]
2024-02-27 16:28:17,700 - Error getting GPU usage: No data
[in /fedstellar/fedstellar/../fedstellar/node.py:726]
2024-02-27 16:28:27,743 - Error getting GPU usage: Not Supported
[in /fedstellar/fedstellar/../fedstellar/node.py:726]
2024-02-27 16:28:37,782 - Error getting GPU usage: Not Supported
[in /fedstellar/fedstellar/../fedstellar/node.py:726]
