2024-03-05 23:49:50,953 - Error getting GPU usage: No data
[in /fedstellar/fedstellar/../fedstellar/node.py:726]
2024-03-05 23:50:00,974 - Error getting GPU usage: Unknown Error
[in /fedstellar/fedstellar/../fedstellar/node.py:726]
2024-03-05 23:50:11,037 - Error getting GPU usage: Unknown Error
[in /fedstellar/fedstellar/../fedstellar/node.py:726]
2024-03-05 23:50:21,070 - Error getting GPU usage: Unknown Error
[in /fedstellar/fedstellar/../fedstellar/node.py:726]
2024-03-05 23:50:33,295 - Error getting GPU usage: Unknown Error
[in /fedstellar/fedstellar/../fedstellar/node.py:726]
2024-03-05 23:50:43,353 - Error getting GPU usage: Unknown Error
[in /fedstellar/fedstellar/../fedstellar/node.py:726]
2024-03-05 23:50:53,383 - Error getting GPU usage: Unknown Error
[in /fedstellar/fedstellar/../fedstellar/node.py:726]
2024-03-05 23:51:18,718 - Error getting GPU usage: Not Supported
[in /fedstellar/fedstellar/../fedstellar/node.py:726]
2024-03-05 23:51:31,902 - Error getting GPU usage: Not Supported
[in /fedstellar/fedstellar/../fedstellar/node.py:726]
2024-03-05 23:51:41,942 - Error getting GPU usage: Not Supported
[in /fedstellar/fedstellar/../fedstellar/node.py:726]
2024-03-05 23:51:58,452 - Error getting GPU usage: Not Supported
[in /fedstellar/fedstellar/../fedstellar/node.py:726]
2024-03-05 23:52:15,344 - Error getting GPU usage: Not Supported
[in /fedstellar/fedstellar/../fedstellar/node.py:726]
2024-03-05 23:52:32,989 - Error getting GPU usage: Not Supported
[in /fedstellar/fedstellar/../fedstellar/node.py:726]
2024-03-05 23:52:43,903 - Error getting GPU usage: Not Supported
[in /fedstellar/fedstellar/../fedstellar/node.py:726]
2024-03-05 23:52:53,944 - Error getting GPU usage: Not Supported
[in /fedstellar/fedstellar/../fedstellar/node.py:726]
2024-03-05 23:53:02,940 - Error getting GPU usage: Not Supported
[in /fedstellar/fedstellar/../fedstellar/node.py:726]
2024-03-05 23:53:13,007 - Error getting GPU usage: Not Supported
[in /fedstellar/fedstellar/../fedstellar/node.py:726]
2024-03-05 23:53:23,035 - Error getting GPU usage: Not Supported
[in /fedstellar/fedstellar/../fedstellar/node.py:726]
2024-03-05 23:53:33,063 - Error getting GPU usage: Not Supported
[in /fedstellar/fedstellar/../fedstellar/node.py:726]
2024-03-05 23:53:43,138 - Error getting GPU usage: Not Supported
[in /fedstellar/fedstellar/../fedstellar/node.py:726]
2024-03-05 23:53:53,171 - Error getting GPU usage: Not Supported
[in /fedstellar/fedstellar/../fedstellar/node.py:726]
2024-03-05 23:54:03,418 - Error getting GPU usage: Not Supported
[in /fedstellar/fedstellar/../fedstellar/node.py:726]
2024-03-05 23:54:13,451 - Error getting GPU usage: Not Supported
[in /fedstellar/fedstellar/../fedstellar/node.py:726]
2024-03-05 23:54:23,481 - Error getting GPU usage: Not Supported
[in /fedstellar/fedstellar/../fedstellar/node.py:726]
2024-03-05 23:54:33,533 - Error getting GPU usage: Not Supported
[in /fedstellar/fedstellar/../fedstellar/node.py:726]
2024-03-05 23:54:43,563 - Error getting GPU usage: Not Supported
[in /fedstellar/fedstellar/../fedstellar/node.py:726]
2024-03-05 23:54:53,590 - Error getting GPU usage: Not Supported
[in /fedstellar/fedstellar/../fedstellar/node.py:726]
2024-03-05 23:55:03,619 - Error getting GPU usage: Not Supported
[in /fedstellar/fedstellar/../fedstellar/node.py:726]
2024-03-05 23:55:14,006 - Error getting GPU usage: Not Supported
[in /fedstellar/fedstellar/../fedstellar/node.py:726]
2024-03-05 23:55:24,051 - Error getting GPU usage: Not Supported
[in /fedstellar/fedstellar/../fedstellar/node.py:726]
2024-03-05 23:55:34,091 - Error getting GPU usage: Not Supported
[in /fedstellar/fedstellar/../fedstellar/node.py:726]
2024-03-05 23:55:44,132 - Error getting GPU usage: Not Supported
[in /fedstellar/fedstellar/../fedstellar/node.py:726]
2024-03-05 23:55:54,163 - Error getting GPU usage: Not Supported
[in /fedstellar/fedstellar/../fedstellar/node.py:726]
2024-03-05 23:56:04,205 - Error getting GPU usage: Not Supported
[in /fedstellar/fedstellar/../fedstellar/node.py:726]
2024-03-05 23:56:14,245 - Error getting GPU usage: Not Supported
[in /fedstellar/fedstellar/../fedstellar/node.py:726]
2024-03-05 23:56:24,292 - Error getting GPU usage: Not Supported
[in /fedstellar/fedstellar/../fedstellar/node.py:726]
2024-03-05 23:56:34,340 - Error getting GPU usage: Not Supported
[in /fedstellar/fedstellar/../fedstellar/node.py:726]
2024-03-05 23:56:44,392 - Error getting GPU usage: Not Supported
[in /fedstellar/fedstellar/../fedstellar/node.py:726]
2024-03-05 23:56:55,366 - Error getting GPU usage: Not Supported
[in /fedstellar/fedstellar/../fedstellar/node.py:726]
2024-03-05 23:57:05,406 - Error getting GPU usage: Not Supported
[in /fedstellar/fedstellar/../fedstellar/node.py:726]
2024-03-05 23:57:15,445 - Error getting GPU usage: Not Supported
[in /fedstellar/fedstellar/../fedstellar/node.py:726]
2024-03-05 23:57:25,485 - Error getting GPU usage: Not Supported
[in /fedstellar/fedstellar/../fedstellar/node.py:726]
2024-03-05 23:57:35,551 - Error getting GPU usage: Not Supported
[in /fedstellar/fedstellar/../fedstellar/node.py:726]
2024-03-05 23:57:45,584 - Error getting GPU usage: Not Supported
[in /fedstellar/fedstellar/../fedstellar/node.py:726]
2024-03-05 23:57:45,614 - (192.168.50.4:45000) Models ready in a late round. Ignored. 0 != 2 / 1
[in /fedstellar/fedstellar/../fedstellar/node.py:427]
2024-03-05 23:57:46,834 - (192.168.50.4:45000) Models ready in a late round. Ignored. 0 != 2 / 1
[in /fedstellar/fedstellar/../fedstellar/node.py:427]
2024-03-05 23:57:48,503 - (192.168.50.4:45000) Models ready in a late round. Ignored. 0 != 2 / 1
[in /fedstellar/fedstellar/../fedstellar/node.py:427]
2024-03-05 23:57:55,615 - Error getting GPU usage: Not Supported
[in /fedstellar/fedstellar/../fedstellar/node.py:726]
2024-03-05 23:58:05,663 - Error getting GPU usage: Not Supported
[in /fedstellar/fedstellar/../fedstellar/node.py:726]
2024-03-05 23:58:15,691 - Error getting GPU usage: Not Supported
[in /fedstellar/fedstellar/../fedstellar/node.py:726]
2024-03-05 23:58:25,722 - Error getting GPU usage: Not Supported
[in /fedstellar/fedstellar/../fedstellar/node.py:726]
2024-03-05 23:58:35,767 - Error getting GPU usage: Not Supported
[in /fedstellar/fedstellar/../fedstellar/node.py:726]
2024-03-05 23:58:45,795 - Error getting GPU usage: Not Supported
[in /fedstellar/fedstellar/../fedstellar/node.py:726]
2024-03-05 23:58:55,854 - Error getting GPU usage: Not Supported
[in /fedstellar/fedstellar/../fedstellar/node.py:726]
2024-03-05 23:59:05,971 - Error getting GPU usage: Not Supported
[in /fedstellar/fedstellar/../fedstellar/node.py:726]
2024-03-05 23:59:16,010 - Error getting GPU usage: Not Supported
[in /fedstellar/fedstellar/../fedstellar/node.py:726]
2024-03-05 23:59:26,049 - Error getting GPU usage: Not Supported
[in /fedstellar/fedstellar/../fedstellar/node.py:726]
2024-03-05 23:59:36,087 - Error getting GPU usage: Not Supported
[in /fedstellar/fedstellar/../fedstellar/node.py:726]
2024-03-05 23:59:42,000 - (192.168.50.4:45000) Models ready in a late round. Ignored. 0 != 3 / 2
[in /fedstellar/fedstellar/../fedstellar/node.py:427]
2024-03-05 23:59:43,295 - (192.168.50.4:45000) Models ready in a late round. Ignored. 0 != 3 / 2
[in /fedstellar/fedstellar/../fedstellar/node.py:427]
2024-03-05 23:59:44,213 - (192.168.50.4:45000) Models ready in a late round. Ignored. 0 != 3 / 2
[in /fedstellar/fedstellar/../fedstellar/node.py:427]
2024-03-05 23:59:46,120 - Error getting GPU usage: Not Supported
[in /fedstellar/fedstellar/../fedstellar/node.py:726]
2024-03-05 23:59:56,175 - Error getting GPU usage: Not Supported
[in /fedstellar/fedstellar/../fedstellar/node.py:726]
2024-03-06 00:00:06,241 - Error getting GPU usage: Not Supported
[in /fedstellar/fedstellar/../fedstellar/node.py:726]
2024-03-06 00:00:16,280 - Error getting GPU usage: Not Supported
[in /fedstellar/fedstellar/../fedstellar/node.py:726]
2024-03-06 00:00:26,321 - Error getting GPU usage: Not Supported
[in /fedstellar/fedstellar/../fedstellar/node.py:726]
2024-03-06 00:00:36,390 - Error getting GPU usage: Not Supported
[in /fedstellar/fedstellar/../fedstellar/node.py:726]
2024-03-06 00:00:46,423 - Error getting GPU usage: Not Supported
[in /fedstellar/fedstellar/../fedstellar/node.py:726]
2024-03-06 00:00:56,461 - Error getting GPU usage: Not Supported
[in /fedstellar/fedstellar/../fedstellar/node.py:726]
2024-03-06 00:01:06,503 - Error getting GPU usage: Not Supported
[in /fedstellar/fedstellar/../fedstellar/node.py:726]
2024-03-06 00:01:16,545 - Error getting GPU usage: Not Supported
[in /fedstellar/fedstellar/../fedstellar/node.py:726]
2024-03-06 00:01:26,586 - Error getting GPU usage: Not Supported
[in /fedstellar/fedstellar/../fedstellar/node.py:726]
2024-03-06 00:01:34,071 - (192.168.50.4:45000) Models ready in a late round. Ignored. 0 != 4 / 3
[in /fedstellar/fedstellar/../fedstellar/node.py:427]
2024-03-06 00:01:35,163 - (192.168.50.4:45000) Models ready in a late round. Ignored. 0 != 4 / 3
[in /fedstellar/fedstellar/../fedstellar/node.py:427]
2024-03-06 00:01:36,436 - (192.168.50.4:45000) Models ready in a late round. Ignored. 0 != 4 / 3
[in /fedstellar/fedstellar/../fedstellar/node.py:427]
2024-03-06 00:01:36,625 - Error getting GPU usage: Not Supported
[in /fedstellar/fedstellar/../fedstellar/node.py:726]
2024-03-06 00:01:46,660 - Error getting GPU usage: Not Supported
[in /fedstellar/fedstellar/../fedstellar/node.py:726]
2024-03-06 00:01:56,695 - Error getting GPU usage: Not Supported
[in /fedstellar/fedstellar/../fedstellar/node.py:726]
2024-03-06 00:02:06,728 - Error getting GPU usage: Not Supported
[in /fedstellar/fedstellar/../fedstellar/node.py:726]
2024-03-06 00:02:16,764 - Error getting GPU usage: Not Supported
[in /fedstellar/fedstellar/../fedstellar/node.py:726]
2024-03-06 00:02:26,818 - Error getting GPU usage: Not Supported
[in /fedstellar/fedstellar/../fedstellar/node.py:726]
2024-03-06 00:02:36,859 - Error getting GPU usage: Not Supported
[in /fedstellar/fedstellar/../fedstellar/node.py:726]
2024-03-06 00:02:46,912 - Error getting GPU usage: Not Supported
[in /fedstellar/fedstellar/../fedstellar/node.py:726]
2024-03-06 00:02:56,964 - Error getting GPU usage: Not Supported
[in /fedstellar/fedstellar/../fedstellar/node.py:726]
2024-03-06 00:03:11,614 - Error getting GPU usage: Not Supported
[in /fedstellar/fedstellar/../fedstellar/node.py:726]
2024-03-06 00:03:21,669 - Error getting GPU usage: Not Supported
[in /fedstellar/fedstellar/../fedstellar/node.py:726]
2024-03-06 00:03:32,845 - Error getting GPU usage: Not Supported
[in /fedstellar/fedstellar/../fedstellar/node.py:726]
2024-03-06 00:03:42,881 - Error getting GPU usage: Not Supported
[in /fedstellar/fedstellar/../fedstellar/node.py:726]
2024-03-06 00:03:57,293 - Error getting GPU usage: Not Supported
[in /fedstellar/fedstellar/../fedstellar/node.py:726]
2024-03-06 00:04:07,314 - Error getting GPU usage: Not Supported
[in /fedstellar/fedstellar/../fedstellar/node.py:726]
2024-03-06 00:04:17,334 - Error getting GPU usage: Not Supported
[in /fedstellar/fedstellar/../fedstellar/node.py:726]
2024-03-06 00:04:27,373 - Error getting GPU usage: Not Supported
[in /fedstellar/fedstellar/../fedstellar/node.py:726]
2024-03-06 00:04:42,096 - Error getting GPU usage: Not Supported
[in /fedstellar/fedstellar/../fedstellar/node.py:726]
2024-03-06 00:04:51,957 - Error getting GPU usage: Not Supported
[in /fedstellar/fedstellar/../fedstellar/node.py:726]
2024-03-06 00:05:01,992 - Error getting GPU usage: Not Supported
[in /fedstellar/fedstellar/../fedstellar/node.py:726]
2024-03-06 00:05:12,016 - Error getting GPU usage: Not Supported
[in /fedstellar/fedstellar/../fedstellar/node.py:726]
2024-03-06 00:05:22,219 - Error getting GPU usage: Not Supported
[in /fedstellar/fedstellar/../fedstellar/node.py:726]
2024-03-06 00:05:32,258 - Error getting GPU usage: Not Supported
[in /fedstellar/fedstellar/../fedstellar/node.py:726]
2024-03-06 00:05:42,677 - Error getting GPU usage: Not Supported
[in /fedstellar/fedstellar/../fedstellar/node.py:726]
2024-03-06 00:05:52,702 - Error getting GPU usage: Not Supported
[in /fedstellar/fedstellar/../fedstellar/node.py:726]
2024-03-06 00:06:11,875 - Error getting GPU usage: Not Supported
[in /fedstellar/fedstellar/../fedstellar/node.py:726]
2024-03-06 00:06:21,905 - Error getting GPU usage: Not Supported
[in /fedstellar/fedstellar/../fedstellar/node.py:726]
2024-03-06 00:06:31,927 - Error getting GPU usage: Not Supported
[in /fedstellar/fedstellar/../fedstellar/node.py:726]
2024-03-06 00:06:41,980 - Error getting GPU usage: Not Supported
[in /fedstellar/fedstellar/../fedstellar/node.py:726]
2024-03-06 00:06:52,003 - Error getting GPU usage: Not Supported
[in /fedstellar/fedstellar/../fedstellar/node.py:726]
2024-03-06 00:07:02,041 - Error getting GPU usage: Not Supported
[in /fedstellar/fedstellar/../fedstellar/node.py:726]
2024-03-06 00:07:12,084 - Error getting GPU usage: Not Supported
[in /fedstellar/fedstellar/../fedstellar/node.py:726]
2024-03-06 00:07:22,118 - Error getting GPU usage: Not Supported
[in /fedstellar/fedstellar/../fedstellar/node.py:726]
2024-03-06 00:07:32,141 - Error getting GPU usage: Not Supported
[in /fedstellar/fedstellar/../fedstellar/node.py:726]
2024-03-06 00:07:42,183 - Error getting GPU usage: Not Supported
[in /fedstellar/fedstellar/../fedstellar/node.py:726]
2024-03-06 00:07:52,220 - Error getting GPU usage: Not Supported
[in /fedstellar/fedstellar/../fedstellar/node.py:726]
2024-03-06 00:08:02,249 - Error getting GPU usage: Not Supported
[in /fedstellar/fedstellar/../fedstellar/node.py:726]
2024-03-06 00:08:12,298 - Error getting GPU usage: Not Supported
[in /fedstellar/fedstellar/../fedstellar/node.py:726]
2024-03-06 00:08:22,322 - Error getting GPU usage: Not Supported
[in /fedstellar/fedstellar/../fedstellar/node.py:726]
2024-03-06 00:08:32,352 - Error getting GPU usage: Not Supported
[in /fedstellar/fedstellar/../fedstellar/node.py:726]
2024-03-06 00:08:42,384 - Error getting GPU usage: Not Supported
[in /fedstellar/fedstellar/../fedstellar/node.py:726]
2024-03-06 00:08:52,846 - Error getting GPU usage: Not Supported
[in /fedstellar/fedstellar/../fedstellar/node.py:726]
2024-03-06 00:09:02,879 - Error getting GPU usage: Not Supported
[in /fedstellar/fedstellar/../fedstellar/node.py:726]
2024-03-06 00:09:12,923 - Error getting GPU usage: Not Supported
[in /fedstellar/fedstellar/../fedstellar/node.py:726]
2024-03-06 00:09:22,975 - Error getting GPU usage: Not Supported
[in /fedstellar/fedstellar/../fedstellar/node.py:726]
2024-03-06 00:09:33,007 - Error getting GPU usage: Not Supported
[in /fedstellar/fedstellar/../fedstellar/node.py:726]
2024-03-06 00:09:43,043 - Error getting GPU usage: Not Supported
[in /fedstellar/fedstellar/../fedstellar/node.py:726]
