2024-03-05 23:49:50,956 - Error getting GPU usage: No data
[in /fedstellar/fedstellar/../fedstellar/node.py:726]
2024-03-05 23:50:00,990 - Error getting GPU usage: Unknown Error
[in /fedstellar/fedstellar/../fedstellar/node.py:726]
2024-03-05 23:50:11,073 - Error getting GPU usage: Unknown Error
[in /fedstellar/fedstellar/../fedstellar/node.py:726]
2024-03-05 23:50:21,097 - Error getting GPU usage: Unknown Error
[in /fedstellar/fedstellar/../fedstellar/node.py:726]
2024-03-05 23:50:31,873 - Error getting GPU usage: Unknown Error
[in /fedstellar/fedstellar/../fedstellar/node.py:726]
2024-03-05 23:50:44,291 - Error getting GPU usage: Unknown Error
[in /fedstellar/fedstellar/../fedstellar/node.py:726]
2024-03-05 23:50:54,332 - Error getting GPU usage: Unknown Error
[in /fedstellar/fedstellar/../fedstellar/node.py:726]
2024-03-05 23:51:14,586 - Error getting GPU usage: Not Supported
[in /fedstellar/fedstellar/../fedstellar/node.py:726]
2024-03-05 23:51:25,501 - Error getting GPU usage: Not Supported
[in /fedstellar/fedstellar/../fedstellar/node.py:726]
2024-03-05 23:51:37,957 - Error getting GPU usage: Not Supported
[in /fedstellar/fedstellar/../fedstellar/node.py:726]
2024-03-05 23:51:48,544 - Error getting GPU usage: Not Supported
[in /fedstellar/fedstellar/../fedstellar/node.py:726]
2024-03-05 23:52:04,233 - Error getting GPU usage: Not Supported
[in /fedstellar/fedstellar/../fedstellar/node.py:726]
2024-03-05 23:52:32,986 - Error getting GPU usage: Not Supported
[in /fedstellar/fedstellar/../fedstellar/node.py:726]
2024-03-05 23:52:43,792 - Error getting GPU usage: Not Supported
[in /fedstellar/fedstellar/../fedstellar/node.py:726]
2024-03-05 23:52:53,869 - Error getting GPU usage: Not Supported
[in /fedstellar/fedstellar/../fedstellar/node.py:726]
2024-03-05 23:53:02,866 - Error getting GPU usage: Not Supported
[in /fedstellar/fedstellar/../fedstellar/node.py:726]
2024-03-05 23:53:12,924 - Error getting GPU usage: Not Supported
[in /fedstellar/fedstellar/../fedstellar/node.py:726]
2024-03-05 23:53:22,967 - Error getting GPU usage: Not Supported
[in /fedstellar/fedstellar/../fedstellar/node.py:726]
2024-03-05 23:53:33,008 - Error getting GPU usage: Not Supported
[in /fedstellar/fedstellar/../fedstellar/node.py:726]
2024-03-05 23:53:43,077 - Error getting GPU usage: Not Supported
[in /fedstellar/fedstellar/../fedstellar/node.py:726]
2024-03-05 23:53:53,117 - Error getting GPU usage: Not Supported
[in /fedstellar/fedstellar/../fedstellar/node.py:726]
2024-03-05 23:54:04,077 - Error getting GPU usage: Not Supported
[in /fedstellar/fedstellar/../fedstellar/node.py:726]
2024-03-05 23:54:14,138 - Error getting GPU usage: Not Supported
[in /fedstellar/fedstellar/../fedstellar/node.py:726]
2024-03-05 23:54:24,167 - Error getting GPU usage: Not Supported
[in /fedstellar/fedstellar/../fedstellar/node.py:726]
2024-03-05 23:54:34,209 - Error getting GPU usage: Not Supported
[in /fedstellar/fedstellar/../fedstellar/node.py:726]
2024-03-05 23:54:44,248 - Error getting GPU usage: Not Supported
[in /fedstellar/fedstellar/../fedstellar/node.py:726]
2024-03-05 23:54:54,286 - Error getting GPU usage: Not Supported
[in /fedstellar/fedstellar/../fedstellar/node.py:726]
2024-03-05 23:55:04,328 - Error getting GPU usage: Not Supported
[in /fedstellar/fedstellar/../fedstellar/node.py:726]
2024-03-05 23:55:14,376 - Error getting GPU usage: Not Supported
[in /fedstellar/fedstellar/../fedstellar/node.py:726]
2024-03-05 23:55:24,407 - Error getting GPU usage: Not Supported
[in /fedstellar/fedstellar/../fedstellar/node.py:726]
2024-03-05 23:55:43,465 - Error getting GPU usage: Not Supported
[in /fedstellar/fedstellar/../fedstellar/node.py:726]
2024-03-05 23:55:53,510 - Error getting GPU usage: Not Supported
[in /fedstellar/fedstellar/../fedstellar/node.py:726]
2024-03-05 23:56:03,550 - Error getting GPU usage: Not Supported
[in /fedstellar/fedstellar/../fedstellar/node.py:726]
2024-03-05 23:56:13,592 - Error getting GPU usage: Not Supported
[in /fedstellar/fedstellar/../fedstellar/node.py:726]
2024-03-05 23:56:26,065 - Error getting GPU usage: Not Supported
[in /fedstellar/fedstellar/../fedstellar/node.py:726]
2024-03-05 23:56:36,121 - Error getting GPU usage: Not Supported
[in /fedstellar/fedstellar/../fedstellar/node.py:726]
2024-03-05 23:56:46,162 - Error getting GPU usage: Not Supported
[in /fedstellar/fedstellar/../fedstellar/node.py:726]
2024-03-05 23:56:56,206 - Error getting GPU usage: Not Supported
[in /fedstellar/fedstellar/../fedstellar/node.py:726]
2024-03-05 23:57:06,246 - Error getting GPU usage: Not Supported
[in /fedstellar/fedstellar/../fedstellar/node.py:726]
2024-03-05 23:57:16,290 - Error getting GPU usage: Not Supported
[in /fedstellar/fedstellar/../fedstellar/node.py:726]
2024-03-05 23:57:26,331 - Error getting GPU usage: Not Supported
[in /fedstellar/fedstellar/../fedstellar/node.py:726]
2024-03-05 23:57:36,380 - Error getting GPU usage: Not Supported
[in /fedstellar/fedstellar/../fedstellar/node.py:726]
2024-03-05 23:57:46,414 - Error getting GPU usage: Not Supported
[in /fedstellar/fedstellar/../fedstellar/node.py:726]
2024-03-05 23:57:46,833 - (192.168.50.3:45000) Models ready in a late round. Ignored. 0 != 2 / 1
[in /fedstellar/fedstellar/../fedstellar/node.py:427]
2024-03-05 23:57:48,406 - (192.168.50.3:45000) Models ready in a late round. Ignored. 0 != 2 / 1
[in /fedstellar/fedstellar/../fedstellar/node.py:427]
2024-03-05 23:57:48,501 - (192.168.50.3:45000) Models ready in a late round. Ignored. 0 != 2 / 1
[in /fedstellar/fedstellar/../fedstellar/node.py:427]
2024-03-05 23:57:56,880 - Error getting GPU usage: Not Supported
[in /fedstellar/fedstellar/../fedstellar/node.py:726]
2024-03-05 23:58:06,928 - Error getting GPU usage: Not Supported
[in /fedstellar/fedstellar/../fedstellar/node.py:726]
2024-03-05 23:58:16,967 - Error getting GPU usage: Not Supported
[in /fedstellar/fedstellar/../fedstellar/node.py:726]
2024-03-05 23:58:26,999 - Error getting GPU usage: Not Supported
[in /fedstellar/fedstellar/../fedstellar/node.py:726]
2024-03-05 23:58:37,041 - Error getting GPU usage: Not Supported
[in /fedstellar/fedstellar/../fedstellar/node.py:726]
2024-03-05 23:58:47,098 - Error getting GPU usage: Not Supported
[in /fedstellar/fedstellar/../fedstellar/node.py:726]
2024-03-05 23:58:57,135 - Error getting GPU usage: Not Supported
[in /fedstellar/fedstellar/../fedstellar/node.py:726]
2024-03-05 23:59:07,167 - Error getting GPU usage: Not Supported
[in /fedstellar/fedstellar/../fedstellar/node.py:726]
2024-03-05 23:59:17,211 - Error getting GPU usage: Not Supported
[in /fedstellar/fedstellar/../fedstellar/node.py:726]
2024-03-05 23:59:27,249 - Error getting GPU usage: Not Supported
[in /fedstellar/fedstellar/../fedstellar/node.py:726]
2024-03-05 23:59:37,287 - Error getting GPU usage: Not Supported
[in /fedstellar/fedstellar/../fedstellar/node.py:726]
2024-03-05 23:59:41,999 - (192.168.50.3:45000) Models ready in a late round. Ignored. 0 != 3 / 2
[in /fedstellar/fedstellar/../fedstellar/node.py:427]
2024-03-05 23:59:43,293 - (192.168.50.3:45000) Models ready in a late round. Ignored. 0 != 3 / 2
[in /fedstellar/fedstellar/../fedstellar/node.py:427]
2024-03-05 23:59:44,164 - (192.168.50.3:45000) Models ready in a late round. Ignored. 0 != 3 / 2
[in /fedstellar/fedstellar/../fedstellar/node.py:427]
2024-03-05 23:59:47,319 - Error getting GPU usage: Not Supported
[in /fedstellar/fedstellar/../fedstellar/node.py:726]
2024-03-05 23:59:57,364 - Error getting GPU usage: Not Supported
[in /fedstellar/fedstellar/../fedstellar/node.py:726]
2024-03-06 00:00:07,415 - Error getting GPU usage: Not Supported
[in /fedstellar/fedstellar/../fedstellar/node.py:726]
2024-03-06 00:00:17,453 - Error getting GPU usage: Not Supported
[in /fedstellar/fedstellar/../fedstellar/node.py:726]
2024-03-06 00:00:27,492 - Error getting GPU usage: Not Supported
[in /fedstellar/fedstellar/../fedstellar/node.py:726]
2024-03-06 00:00:37,738 - Error getting GPU usage: Not Supported
[in /fedstellar/fedstellar/../fedstellar/node.py:726]
2024-03-06 00:00:47,764 - Error getting GPU usage: Not Supported
[in /fedstellar/fedstellar/../fedstellar/node.py:726]
2024-03-06 00:00:57,801 - Error getting GPU usage: Not Supported
[in /fedstellar/fedstellar/../fedstellar/node.py:726]
2024-03-06 00:01:07,836 - Error getting GPU usage: Not Supported
[in /fedstellar/fedstellar/../fedstellar/node.py:726]
2024-03-06 00:01:17,878 - Error getting GPU usage: Not Supported
[in /fedstellar/fedstellar/../fedstellar/node.py:726]
2024-03-06 00:01:27,917 - Error getting GPU usage: Not Supported
[in /fedstellar/fedstellar/../fedstellar/node.py:726]
2024-03-06 00:01:33,939 - (192.168.50.3:45000) Models ready in a late round. Ignored. 0 != 4 / 3
[in /fedstellar/fedstellar/../fedstellar/node.py:427]
2024-03-06 00:01:35,161 - (192.168.50.3:45000) Models ready in a late round. Ignored. 0 != 4 / 3
[in /fedstellar/fedstellar/../fedstellar/node.py:427]
2024-03-06 00:01:36,434 - (192.168.50.3:45000) Models ready in a late round. Ignored. 0 != 4 / 3
[in /fedstellar/fedstellar/../fedstellar/node.py:427]
2024-03-06 00:01:37,955 - Error getting GPU usage: Not Supported
[in /fedstellar/fedstellar/../fedstellar/node.py:726]
2024-03-06 00:01:48,005 - Error getting GPU usage: Not Supported
[in /fedstellar/fedstellar/../fedstellar/node.py:726]
2024-03-06 00:01:58,038 - Error getting GPU usage: Not Supported
[in /fedstellar/fedstellar/../fedstellar/node.py:726]
2024-03-06 00:02:08,089 - Error getting GPU usage: Not Supported
[in /fedstellar/fedstellar/../fedstellar/node.py:726]
2024-03-06 00:02:18,134 - Error getting GPU usage: Not Supported
[in /fedstellar/fedstellar/../fedstellar/node.py:726]
2024-03-06 00:02:28,194 - Error getting GPU usage: Not Supported
[in /fedstellar/fedstellar/../fedstellar/node.py:726]
2024-03-06 00:02:38,237 - Error getting GPU usage: Not Supported
[in /fedstellar/fedstellar/../fedstellar/node.py:726]
2024-03-06 00:02:48,293 - Error getting GPU usage: Not Supported
[in /fedstellar/fedstellar/../fedstellar/node.py:726]
2024-03-06 00:02:58,333 - Error getting GPU usage: Not Supported
[in /fedstellar/fedstellar/../fedstellar/node.py:726]
2024-03-06 00:03:32,777 - Error getting GPU usage: Not Supported
[in /fedstellar/fedstellar/../fedstellar/node.py:726]
2024-03-06 00:03:51,132 - Error getting GPU usage: Not Supported
[in /fedstellar/fedstellar/../fedstellar/node.py:726]
2024-03-06 00:04:01,175 - Error getting GPU usage: Not Supported
[in /fedstellar/fedstellar/../fedstellar/node.py:726]
2024-03-06 00:04:11,210 - Error getting GPU usage: Not Supported
[in /fedstellar/fedstellar/../fedstellar/node.py:726]
2024-03-06 00:04:21,242 - Error getting GPU usage: Not Supported
[in /fedstellar/fedstellar/../fedstellar/node.py:726]
2024-03-06 00:04:33,686 - Error getting GPU usage: Not Supported
[in /fedstellar/fedstellar/../fedstellar/node.py:726]
2024-03-06 00:04:48,814 - Error getting GPU usage: Not Supported
[in /fedstellar/fedstellar/../fedstellar/node.py:726]
2024-03-06 00:05:06,389 - Error getting GPU usage: Not Supported
[in /fedstellar/fedstellar/../fedstellar/node.py:726]
2024-03-06 00:05:16,424 - Error getting GPU usage: Not Supported
[in /fedstellar/fedstellar/../fedstellar/node.py:726]
2024-03-06 00:05:26,629 - Error getting GPU usage: Not Supported
[in /fedstellar/fedstellar/../fedstellar/node.py:726]
2024-03-06 00:05:36,661 - Error getting GPU usage: Not Supported
[in /fedstellar/fedstellar/../fedstellar/node.py:726]
2024-03-06 00:05:46,692 - Error getting GPU usage: Not Supported
[in /fedstellar/fedstellar/../fedstellar/node.py:726]
2024-03-06 00:05:56,722 - Error getting GPU usage: Not Supported
[in /fedstellar/fedstellar/../fedstellar/node.py:726]
2024-03-06 00:06:11,862 - Error getting GPU usage: Not Supported
[in /fedstellar/fedstellar/../fedstellar/node.py:726]
2024-03-06 00:06:21,894 - Error getting GPU usage: Not Supported
[in /fedstellar/fedstellar/../fedstellar/node.py:726]
2024-03-06 00:06:31,915 - Error getting GPU usage: Not Supported
[in /fedstellar/fedstellar/../fedstellar/node.py:726]
2024-03-06 00:06:41,962 - Error getting GPU usage: Not Supported
[in /fedstellar/fedstellar/../fedstellar/node.py:726]
2024-03-06 00:06:51,989 - Error getting GPU usage: Not Supported
[in /fedstellar/fedstellar/../fedstellar/node.py:726]
2024-03-06 00:07:02,025 - Error getting GPU usage: Not Supported
[in /fedstellar/fedstellar/../fedstellar/node.py:726]
2024-03-06 00:07:12,066 - Error getting GPU usage: Not Supported
[in /fedstellar/fedstellar/../fedstellar/node.py:726]
2024-03-06 00:07:22,098 - Error getting GPU usage: Not Supported
[in /fedstellar/fedstellar/../fedstellar/node.py:726]
2024-03-06 00:07:32,130 - Error getting GPU usage: Not Supported
[in /fedstellar/fedstellar/../fedstellar/node.py:726]
2024-03-06 00:07:42,169 - Error getting GPU usage: Not Supported
[in /fedstellar/fedstellar/../fedstellar/node.py:726]
2024-03-06 00:07:52,205 - Error getting GPU usage: Not Supported
[in /fedstellar/fedstellar/../fedstellar/node.py:726]
2024-03-06 00:08:02,236 - Error getting GPU usage: Not Supported
[in /fedstellar/fedstellar/../fedstellar/node.py:726]
2024-03-06 00:08:12,282 - Error getting GPU usage: Not Supported
[in /fedstellar/fedstellar/../fedstellar/node.py:726]
2024-03-06 00:08:22,312 - Error getting GPU usage: Not Supported
[in /fedstellar/fedstellar/../fedstellar/node.py:726]
2024-03-06 00:08:32,338 - Error getting GPU usage: Not Supported
[in /fedstellar/fedstellar/../fedstellar/node.py:726]
2024-03-06 00:08:42,370 - Error getting GPU usage: Not Supported
[in /fedstellar/fedstellar/../fedstellar/node.py:726]
2024-03-06 00:08:52,835 - Error getting GPU usage: Not Supported
[in /fedstellar/fedstellar/../fedstellar/node.py:726]
2024-03-06 00:09:02,868 - Error getting GPU usage: Not Supported
[in /fedstellar/fedstellar/../fedstellar/node.py:726]
2024-03-06 00:09:12,907 - Error getting GPU usage: Not Supported
[in /fedstellar/fedstellar/../fedstellar/node.py:726]
2024-03-06 00:09:22,959 - Error getting GPU usage: Not Supported
[in /fedstellar/fedstellar/../fedstellar/node.py:726]
2024-03-06 00:09:32,995 - Error getting GPU usage: Not Supported
[in /fedstellar/fedstellar/../fedstellar/node.py:726]
2024-03-06 00:09:43,030 - Error getting GPU usage: Not Supported
[in /fedstellar/fedstellar/../fedstellar/node.py:726]
