2024-03-05 23:32:35,098 - Error getting GPU usage: No data
[in /fedstellar/fedstellar/../fedstellar/node.py:726]
2024-03-05 23:32:45,123 - Error getting GPU usage: Unknown Error
[in /fedstellar/fedstellar/../fedstellar/node.py:726]
2024-03-05 23:32:55,162 - Error getting GPU usage: Unknown Error
[in /fedstellar/fedstellar/../fedstellar/node.py:726]
2024-03-05 23:33:05,187 - Error getting GPU usage: Unknown Error
[in /fedstellar/fedstellar/../fedstellar/node.py:726]
2024-03-05 23:33:15,215 - Error getting GPU usage: Unknown Error
[in /fedstellar/fedstellar/../fedstellar/node.py:726]
2024-03-05 23:33:25,251 - Error getting GPU usage: Not Supported
[in /fedstellar/fedstellar/../fedstellar/node.py:726]
2024-03-05 23:33:35,346 - Error getting GPU usage: Not Supported
[in /fedstellar/fedstellar/../fedstellar/node.py:726]
2024-03-05 23:33:47,679 - Error getting GPU usage: Not Supported
[in /fedstellar/fedstellar/../fedstellar/node.py:726]
2024-03-05 23:34:00,131 - Error getting GPU usage: Not Supported
[in /fedstellar/fedstellar/../fedstellar/node.py:726]
2024-03-05 23:34:10,177 - Error getting GPU usage: Not Supported
[in /fedstellar/fedstellar/../fedstellar/node.py:726]
2024-03-05 23:34:20,213 - Error getting GPU usage: Not Supported
[in /fedstellar/fedstellar/../fedstellar/node.py:726]
2024-03-05 23:34:30,279 - Error getting GPU usage: Not Supported
[in /fedstellar/fedstellar/../fedstellar/node.py:726]
2024-03-05 23:34:40,312 - Error getting GPU usage: Not Supported
[in /fedstellar/fedstellar/../fedstellar/node.py:726]
2024-03-05 23:34:50,342 - Error getting GPU usage: Not Supported
[in /fedstellar/fedstellar/../fedstellar/node.py:726]
2024-03-05 23:35:00,374 - Error getting GPU usage: Not Supported
[in /fedstellar/fedstellar/../fedstellar/node.py:726]
2024-03-05 23:35:10,438 - Error getting GPU usage: Not Supported
[in /fedstellar/fedstellar/../fedstellar/node.py:726]
2024-03-05 23:35:20,563 - Error getting GPU usage: Not Supported
[in /fedstellar/fedstellar/../fedstellar/node.py:726]
2024-03-05 23:35:30,586 - Error getting GPU usage: Not Supported
[in /fedstellar/fedstellar/../fedstellar/node.py:726]
2024-03-05 23:35:40,612 - Error getting GPU usage: Not Supported
[in /fedstellar/fedstellar/../fedstellar/node.py:726]
2024-03-05 23:35:50,640 - Error getting GPU usage: Not Supported
[in /fedstellar/fedstellar/../fedstellar/node.py:726]
2024-03-05 23:36:00,670 - Error getting GPU usage: Not Supported
[in /fedstellar/fedstellar/../fedstellar/node.py:726]
2024-03-05 23:36:10,714 - Error getting GPU usage: Not Supported
[in /fedstellar/fedstellar/../fedstellar/node.py:726]
2024-03-05 23:36:20,754 - Error getting GPU usage: Not Supported
[in /fedstellar/fedstellar/../fedstellar/node.py:726]
2024-03-05 23:36:29,281 - (192.168.50.2:45000) Models ready in a late round. Ignored. 0 != 2 / 1
[in /fedstellar/fedstellar/../fedstellar/node.py:427]
2024-03-05 23:36:29,290 - (192.168.50.2:45000) Models ready in a late round. Ignored. 0 != 2 / 1
[in /fedstellar/fedstellar/../fedstellar/node.py:427]
2024-03-05 23:36:30,806 - Error getting GPU usage: Not Supported
[in /fedstellar/fedstellar/../fedstellar/node.py:726]
2024-03-05 23:36:40,828 - Error getting GPU usage: Not Supported
[in /fedstellar/fedstellar/../fedstellar/node.py:726]
2024-03-05 23:36:50,863 - Error getting GPU usage: Not Supported
[in /fedstellar/fedstellar/../fedstellar/node.py:726]
2024-03-05 23:37:00,890 - Error getting GPU usage: Not Supported
[in /fedstellar/fedstellar/../fedstellar/node.py:726]
2024-03-05 23:37:10,954 - Error getting GPU usage: Not Supported
[in /fedstellar/fedstellar/../fedstellar/node.py:726]
2024-03-05 23:37:20,983 - Error getting GPU usage: Not Supported
[in /fedstellar/fedstellar/../fedstellar/node.py:726]
2024-03-05 23:37:21,640 - (192.168.50.2:45000) Models ready in a late round. Ignored. 0 != 3 / 2
[in /fedstellar/fedstellar/../fedstellar/node.py:427]
2024-03-05 23:37:24,406 - (192.168.50.2:45000) Models ready in a late round. Ignored. 0 != 3 / 2
[in /fedstellar/fedstellar/../fedstellar/node.py:427]
2024-03-05 23:37:31,010 - Error getting GPU usage: Not Supported
[in /fedstellar/fedstellar/../fedstellar/node.py:726]
2024-03-05 23:37:41,053 - Error getting GPU usage: Not Supported
[in /fedstellar/fedstellar/../fedstellar/node.py:726]
2024-03-05 23:37:51,116 - Error getting GPU usage: Not Supported
[in /fedstellar/fedstellar/../fedstellar/node.py:726]
2024-03-05 23:38:01,144 - Error getting GPU usage: Not Supported
[in /fedstellar/fedstellar/../fedstellar/node.py:726]
2024-03-05 23:38:11,172 - Error getting GPU usage: Not Supported
[in /fedstellar/fedstellar/../fedstellar/node.py:726]
2024-03-05 23:38:16,776 - (192.168.50.2:45000) Models ready in a late round. Ignored. 0 != 4 / 3
[in /fedstellar/fedstellar/../fedstellar/node.py:427]
2024-03-05 23:38:18,188 - (192.168.50.2:45000) Models ready in a late round. Ignored. 0 != 4 / 3
[in /fedstellar/fedstellar/../fedstellar/node.py:427]
2024-03-05 23:38:21,202 - Error getting GPU usage: Not Supported
[in /fedstellar/fedstellar/../fedstellar/node.py:726]
2024-03-05 23:38:31,261 - Error getting GPU usage: Not Supported
[in /fedstellar/fedstellar/../fedstellar/node.py:726]
2024-03-05 23:38:41,293 - Error getting GPU usage: Not Supported
[in /fedstellar/fedstellar/../fedstellar/node.py:726]
2024-03-05 23:38:51,319 - Error getting GPU usage: Not Supported
[in /fedstellar/fedstellar/../fedstellar/node.py:726]
2024-03-05 23:39:01,354 - Error getting GPU usage: Not Supported
[in /fedstellar/fedstellar/../fedstellar/node.py:726]
2024-03-05 23:39:11,411 - Error getting GPU usage: Not Supported
[in /fedstellar/fedstellar/../fedstellar/node.py:726]
2024-03-05 23:39:12,557 - (192.168.50.2:45000) Models ready in a late round. Ignored. 0 != 5 / 4
[in /fedstellar/fedstellar/../fedstellar/node.py:427]
2024-03-05 23:39:14,251 - (192.168.50.2:45000) Models ready in a late round. Ignored. 0 != 5 / 4
[in /fedstellar/fedstellar/../fedstellar/node.py:427]
2024-03-05 23:39:21,443 - Error getting GPU usage: Not Supported
[in /fedstellar/fedstellar/../fedstellar/node.py:726]
2024-03-05 23:39:31,475 - Error getting GPU usage: Not Supported
[in /fedstellar/fedstellar/../fedstellar/node.py:726]
2024-03-05 23:39:41,512 - Error getting GPU usage: Not Supported
[in /fedstellar/fedstellar/../fedstellar/node.py:726]
2024-03-05 23:39:51,610 - Error getting GPU usage: Not Supported
[in /fedstellar/fedstellar/../fedstellar/node.py:726]
2024-03-05 23:40:01,640 - Error getting GPU usage: Not Supported
[in /fedstellar/fedstellar/../fedstellar/node.py:726]
2024-03-05 23:40:04,511 - (192.168.50.2:45000) Models ready in a late round. Ignored. 0 != 6 / 5
[in /fedstellar/fedstellar/../fedstellar/node.py:427]
2024-03-05 23:40:06,508 - (192.168.50.2:45000) Models ready in a late round. Ignored. 0 != 6 / 5
[in /fedstellar/fedstellar/../fedstellar/node.py:427]
2024-03-05 23:40:11,662 - Error getting GPU usage: Not Supported
[in /fedstellar/fedstellar/../fedstellar/node.py:726]
2024-03-05 23:40:21,691 - Error getting GPU usage: Not Supported
[in /fedstellar/fedstellar/../fedstellar/node.py:726]
2024-03-05 23:40:31,747 - Error getting GPU usage: Not Supported
[in /fedstellar/fedstellar/../fedstellar/node.py:726]
2024-03-05 23:40:41,770 - Error getting GPU usage: Not Supported
[in /fedstellar/fedstellar/../fedstellar/node.py:726]
2024-03-05 23:40:51,799 - Error getting GPU usage: Not Supported
[in /fedstellar/fedstellar/../fedstellar/node.py:726]
2024-03-05 23:40:57,373 - (192.168.50.2:45000) Models ready in a late round. Ignored. 0 != 7 / 6
[in /fedstellar/fedstellar/../fedstellar/node.py:427]
2024-03-05 23:40:58,855 - (192.168.50.2:45000) Models ready in a late round. Ignored. 0 != 7 / 6
[in /fedstellar/fedstellar/../fedstellar/node.py:427]
2024-03-05 23:41:01,832 - Error getting GPU usage: Not Supported
[in /fedstellar/fedstellar/../fedstellar/node.py:726]
2024-03-05 23:41:11,891 - Error getting GPU usage: Not Supported
[in /fedstellar/fedstellar/../fedstellar/node.py:726]
2024-03-05 23:41:21,924 - Error getting GPU usage: Not Supported
[in /fedstellar/fedstellar/../fedstellar/node.py:726]
2024-03-05 23:41:31,956 - Error getting GPU usage: Not Supported
[in /fedstellar/fedstellar/../fedstellar/node.py:726]
2024-03-05 23:41:41,989 - Error getting GPU usage: Not Supported
[in /fedstellar/fedstellar/../fedstellar/node.py:726]
2024-03-05 23:41:52,045 - Error getting GPU usage: Not Supported
[in /fedstellar/fedstellar/../fedstellar/node.py:726]
2024-03-05 23:41:52,460 - (192.168.50.2:45000) Models ready in a late round. Ignored. 0 != 8 / 7
[in /fedstellar/fedstellar/../fedstellar/node.py:427]
2024-03-05 23:41:53,650 - (192.168.50.2:45000) Models ready in a late round. Ignored. 0 != 8 / 7
[in /fedstellar/fedstellar/../fedstellar/node.py:427]
2024-03-05 23:42:02,065 - Error getting GPU usage: Not Supported
[in /fedstellar/fedstellar/../fedstellar/node.py:726]
2024-03-05 23:42:12,102 - Error getting GPU usage: Not Supported
[in /fedstellar/fedstellar/../fedstellar/node.py:726]
2024-03-05 23:42:22,136 - Error getting GPU usage: Not Supported
[in /fedstellar/fedstellar/../fedstellar/node.py:726]
2024-03-05 23:42:32,193 - Error getting GPU usage: Not Supported
[in /fedstellar/fedstellar/../fedstellar/node.py:726]
2024-03-05 23:42:42,223 - Error getting GPU usage: Not Supported
[in /fedstellar/fedstellar/../fedstellar/node.py:726]
2024-03-05 23:42:45,492 - (192.168.50.2:45000) Models ready in a late round. Ignored. 0 != 9 / 8
[in /fedstellar/fedstellar/../fedstellar/node.py:427]
2024-03-05 23:42:47,981 - (192.168.50.2:45000) Models ready in a late round. Ignored. 0 != 9 / 8
[in /fedstellar/fedstellar/../fedstellar/node.py:427]
2024-03-05 23:42:52,256 - Error getting GPU usage: Not Supported
[in /fedstellar/fedstellar/../fedstellar/node.py:726]
2024-03-05 23:43:02,302 - Error getting GPU usage: Not Supported
[in /fedstellar/fedstellar/../fedstellar/node.py:726]
2024-03-05 23:43:12,368 - Error getting GPU usage: Not Supported
[in /fedstellar/fedstellar/../fedstellar/node.py:726]
2024-03-05 23:43:22,392 - Error getting GPU usage: Not Supported
[in /fedstellar/fedstellar/../fedstellar/node.py:726]
2024-03-05 23:43:32,424 - Error getting GPU usage: Not Supported
[in /fedstellar/fedstellar/../fedstellar/node.py:726]
2024-03-05 23:43:42,455 - Error getting GPU usage: Not Supported
[in /fedstellar/fedstellar/../fedstellar/node.py:726]
2024-03-05 23:43:52,531 - Error getting GPU usage: Not Supported
[in /fedstellar/fedstellar/../fedstellar/node.py:726]
2024-03-05 23:44:02,559 - Error getting GPU usage: Not Supported
[in /fedstellar/fedstellar/../fedstellar/node.py:726]
2024-03-05 23:44:12,595 - Error getting GPU usage: Not Supported
[in /fedstellar/fedstellar/../fedstellar/node.py:726]
2024-03-05 23:44:22,627 - Error getting GPU usage: Not Supported
[in /fedstellar/fedstellar/../fedstellar/node.py:726]
2024-03-05 23:44:32,661 - Error getting GPU usage: Not Supported
[in /fedstellar/fedstellar/../fedstellar/node.py:726]
2024-03-05 23:44:42,700 - Error getting GPU usage: Not Supported
[in /fedstellar/fedstellar/../fedstellar/node.py:726]
2024-03-05 23:44:52,725 - Error getting GPU usage: Not Supported
[in /fedstellar/fedstellar/../fedstellar/node.py:726]
2024-03-05 23:45:02,753 - Error getting GPU usage: Not Supported
[in /fedstellar/fedstellar/../fedstellar/node.py:726]
2024-03-05 23:45:12,792 - Error getting GPU usage: Not Supported
[in /fedstellar/fedstellar/../fedstellar/node.py:726]
2024-03-05 23:45:22,829 - Error getting GPU usage: Not Supported
[in /fedstellar/fedstellar/../fedstellar/node.py:726]
2024-03-05 23:45:32,849 - Error getting GPU usage: Not Supported
[in /fedstellar/fedstellar/../fedstellar/node.py:726]
2024-03-05 23:45:42,872 - Error getting GPU usage: Not Supported
[in /fedstellar/fedstellar/../fedstellar/node.py:726]
2024-03-05 23:45:52,905 - Error getting GPU usage: Not Supported
[in /fedstellar/fedstellar/../fedstellar/node.py:726]
2024-03-05 23:46:02,949 - Error getting GPU usage: Not Supported
[in /fedstellar/fedstellar/../fedstellar/node.py:726]
2024-03-05 23:46:12,967 - Error getting GPU usage: Not Supported
[in /fedstellar/fedstellar/../fedstellar/node.py:726]
2024-03-05 23:46:22,997 - Error getting GPU usage: Not Supported
[in /fedstellar/fedstellar/../fedstellar/node.py:726]
2024-03-05 23:46:33,019 - Error getting GPU usage: Not Supported
[in /fedstellar/fedstellar/../fedstellar/node.py:726]
2024-03-05 23:46:43,055 - Error getting GPU usage: Not Supported
[in /fedstellar/fedstellar/../fedstellar/node.py:726]
2024-03-05 23:46:53,075 - Error getting GPU usage: Not Supported
[in /fedstellar/fedstellar/../fedstellar/node.py:726]
2024-03-05 23:47:03,105 - Error getting GPU usage: Not Supported
[in /fedstellar/fedstellar/../fedstellar/node.py:726]
2024-03-05 23:47:13,135 - Error getting GPU usage: Not Supported
[in /fedstellar/fedstellar/../fedstellar/node.py:726]
2024-03-05 23:47:23,167 - Error getting GPU usage: Not Supported
[in /fedstellar/fedstellar/../fedstellar/node.py:726]
2024-03-05 23:47:33,188 - Error getting GPU usage: Not Supported
[in /fedstellar/fedstellar/../fedstellar/node.py:726]
2024-03-05 23:47:43,225 - Error getting GPU usage: Not Supported
[in /fedstellar/fedstellar/../fedstellar/node.py:726]
2024-03-05 23:47:53,253 - Error getting GPU usage: Not Supported
[in /fedstellar/fedstellar/../fedstellar/node.py:726]
